#
# There is insufficient memory for the Java Runtime Environment to continue.
# Native memory allocation (malloc) failed to allocate 21757952 bytes for committing reserved memory.
# Possible reasons:
#   The system is out of physical RAM or swap space
#   In 32 bit mode, the process size limit was hit
# Possible solutions:
#   Reduce memory load on the system
#   Increase physical memory or swap space
#   Check if swap backing store is full
#   Use 64 bit Java on a 64 bit OS
#   Decrease Java heap size (-Xmx/-Xms)
#   Decrease number of Java threads
#   Decrease Java thread stack sizes (-Xss)
#   Set larger code cache with -XX:ReservedCodeCacheSize=
# This output file may be truncated or incomplete.
#
#  Out of Memory Error (os_linux.cpp:2798), pid=777, tid=140604188047104
#
# JRE version:  (7.0_75-b13) (build )
# Java VM: OpenJDK 64-Bit Server VM (24.75-b04 mixed mode linux-amd64 compressed oops)
# Derivative: IcedTea 2.5.4
# Distribution: Custom build (Fri Jan 23 11:00:44 UTC 2015)
# Failed to write core dump. Core dumps have been disabled. To enable core dumping, try "ulimit -c unlimited" before starting Java again
#

---------------  T H R E A D  ---------------

Current thread (0x00007fe0f000a000):  JavaThread "Unknown thread" [_thread_in_vm, id=783, stack(0x00007fe0f69eb000,0x00007fe0f6aec000)]

Stack: [0x00007fe0f69eb000,0x00007fe0f6aec000],  sp=0x00007fe0f6aea180,  free space=1020k
Native frames: (J=compiled Java code, j=interpreted, Vv=VM code, C=native code)
V  [libjvm.so+0x97dfb6]
V  [libjvm.so+0x48e252]
V  [libjvm.so+0x7f188b]
V  [libjvm.so+0x7ebffe]
V  [libjvm.so+0x97ae54]
V  [libjvm.so+0x572a42]
V  [libjvm.so+0x42f3ac]
V  [libjvm.so+0x837cf9]
V  [libjvm.so+0x573c01]
V  [libjvm.so+0x56268a]
V  [libjvm.so+0x9479a7]
V  [libjvm.so+0x947cf6]
V  [libjvm.so+0x5ade7f]
V  [libjvm.so+0x92954f]
V  [libjvm.so+0x61ca00]  JNI_CreateJavaVM+0x60
C  [libjli.so+0x29bf]


---------------  P R O C E S S  ---------------

Java Threads: ( => current thread )

Other Threads:

=>0x00007fe0f000a000 (exited) JavaThread "Unknown thread" [_thread_in_vm, id=783, stack(0x00007fe0f69eb000,0x00007fe0f6aec000)]

VM state:not at safepoint (not fully initialized)

VM Mutex/Monitor currently owned by a thread: None

GC Heap History (0 events):
No events

Deoptimization events (0 events):
No events

Internal exceptions (0 events):
No events

Events (0 events):
No events


Dynamic libraries:
00400000-00401000 r-xp 00000000 08:01 270478                             /usr/lib/jvm/java-7-openjdk/jre/bin/java
00600000-00601000 rw-p 00000000 08:01 270478                             /usr/lib/jvm/java-7-openjdk/jre/bin/java
00b72000-00b93000 rw-p 00000000 00:00 0                                  [heap]
d6600000-d6b30000 rw-p 00000000 00:00 0 
d6b30000-e0ca0000 rw-p 00000000 00:00 0 
e0ca0000-e1710000 rw-p 00000000 00:00 0 
e1710000-f5a00000 rw-p 00000000 00:00 0 
f6ec0000-100000000 rw-p 00000000 00:00 0 
7fe0e991d000-7fe0e9920000 rw-p 00000000 00:00 0 
7fe0e9920000-7fe0e9970000 rw-p 00000000 00:00 0 
7fe0e9970000-7fe0e9976000 rw-p 00000000 00:00 0 
7fe0e9976000-7fe0e9a6a000 rw-p 00000000 00:00 0 
7fe0e9a6a000-7fe0e9a75000 rw-p 00000000 00:00 0 
7fe0e9a75000-7fe0e9beb000 rw-p 00000000 00:00 0 
7fe0e9beb000-7fe0e9e5b000 rwxp 00000000 00:00 0 
7fe0e9e5b000-7fe0efbeb000 rw-p 00000000 00:00 0 
7fe0efbeb000-7fe0efbf3000 r-xp 00000000 08:01 270445                     /usr/lib/jvm/java-7-openjdk/jre/lib/amd64/libzip.so
7fe0efbf3000-7fe0efdf2000 ---p 00008000 08:01 270445                     /usr/lib/jvm/java-7-openjdk/jre/lib/amd64/libzip.so
7fe0efdf2000-7fe0efdf3000 rw-p 00007000 08:01 270445                     /usr/lib/jvm/java-7-openjdk/jre/lib/amd64/libzip.so
7fe0efdf3000-7fe0efdfe000 r-xp 00000000 08:01 132704                     /usr/lib/libnss_files-2.20.so
7fe0efdfe000-7fe0efffe000 ---p 0000b000 08:01 132704                     /usr/lib/libnss_files-2.20.so
7fe0efffe000-7fe0effff000 r--p 0000b000 08:01 132704                     /usr/lib/libnss_files-2.20.so
7fe0effff000-7fe0f0000000 rw-p 0000c000 08:01 132704                     /usr/lib/libnss_files-2.20.so
7fe0f0000000-7fe0f0025000 rw-p 00000000 00:00 0 
7fe0f0025000-7fe0f4000000 ---p 00000000 00:00 0 
7fe0f4054000-7fe0f4080000 r-xp 00000000 08:01 270444                     /usr/lib/jvm/java-7-openjdk/jre/lib/amd64/libjava.so
7fe0f4080000-7fe0f427f000 ---p 0002c000 08:01 270444                     /usr/lib/jvm/java-7-openjdk/jre/lib/amd64/libjava.so
7fe0f427f000-7fe0f4281000 rw-p 0002b000 08:01 270444                     /usr/lib/jvm/java-7-openjdk/jre/lib/amd64/libjava.so
7fe0f4281000-7fe0f428e000 r-xp 00000000 08:01 270443                     /usr/lib/jvm/java-7-openjdk/jre/lib/amd64/libverify.so
7fe0f428e000-7fe0f448d000 ---p 0000d000 08:01 270443                     /usr/lib/jvm/java-7-openjdk/jre/lib/amd64/libverify.so
7fe0f448d000-7fe0f448f000 rw-p 0000c000 08:01 270443                     /usr/lib/jvm/java-7-openjdk/jre/lib/amd64/libverify.so
7fe0f448f000-7fe0f4496000 r-xp 00000000 08:01 132760                     /usr/lib/librt-2.20.so
7fe0f4496000-7fe0f4695000 ---p 00007000 08:01 132760                     /usr/lib/librt-2.20.so
7fe0f4695000-7fe0f4696000 r--p 00006000 08:01 132760                     /usr/lib/librt-2.20.so
7fe0f4696000-7fe0f4697000 rw-p 00007000 08:01 132760                     /usr/lib/librt-2.20.so
7fe0f4697000-7fe0f46ad000 r-xp 00000000 08:01 135609                     /usr/lib/libgcc_s.so.1
7fe0f46ad000-7fe0f48ac000 ---p 00016000 08:01 135609                     /usr/lib/libgcc_s.so.1
7fe0f48ac000-7fe0f48ad000 rw-p 00015000 08:01 135609                     /usr/lib/libgcc_s.so.1
7fe0f48ad000-7fe0f49b0000 r-xp 00000000 08:01 132746                     /usr/lib/libm-2.20.so
7fe0f49b0000-7fe0f4bb0000 ---p 00103000 08:01 132746                     /usr/lib/libm-2.20.so
7fe0f4bb0000-7fe0f4bb1000 r--p 00103000 08:01 132746                     /usr/lib/libm-2.20.so
7fe0f4bb1000-7fe0f4bb2000 rw-p 00104000 08:01 132746                     /usr/lib/libm-2.20.so
7fe0f4bb2000-7fe0f4ca2000 r-xp 00000000 08:01 135613                     /usr/lib/libstdc++.so.6.0.20
7fe0f4ca2000-7fe0f4ea2000 ---p 000f0000 08:01 135613                     /usr/lib/libstdc++.so.6.0.20
7fe0f4ea2000-7fe0f4eaa000 r--p 000f0000 08:01 135613                     /usr/lib/libstdc++.so.6.0.20
7fe0f4eaa000-7fe0f4eac000 rw-p 000f8000 08:01 135613                     /usr/lib/libstdc++.so.6.0.20
7fe0f4eac000-7fe0f4ec1000 rw-p 00000000 00:00 0 
7fe0f4ec1000-7fe0f5a0b000 r-xp 00000000 08:01 270477                     /usr/lib/jvm/java-7-openjdk/jre/lib/amd64/server/libjvm.so
7fe0f5a0b000-7fe0f5c0b000 ---p 00b4a000 08:01 270477                     /usr/lib/jvm/java-7-openjdk/jre/lib/amd64/server/libjvm.so
7fe0f5c0b000-7fe0f5ccd000 rw-p 00b4a000 08:01 270477                     /usr/lib/jvm/java-7-openjdk/jre/lib/amd64/server/libjvm.so
7fe0f5ccd000-7fe0f5cf9000 rw-p 00000000 00:00 0 
7fe0f5cf9000-7fe0f5d0e000 r-xp 00000000 08:01 135653                     /usr/lib/libz.so.1.2.8
7fe0f5d0e000-7fe0f5f0d000 ---p 00015000 08:01 135653                     /usr/lib/libz.so.1.2.8
7fe0f5f0d000-7fe0f5f0e000 r--p 00014000 08:01 135653                     /usr/lib/libz.so.1.2.8
7fe0f5f0e000-7fe0f5f0f000 rw-p 00015000 08:01 135653                     /usr/lib/libz.so.1.2.8
7fe0f5f0f000-7fe0f60a8000 r-xp 00000000 08:01 132747                     /usr/lib/libc-2.20.so
7fe0f60a8000-7fe0f62a8000 ---p 00199000 08:01 132747                     /usr/lib/libc-2.20.so
7fe0f62a8000-7fe0f62ac000 r--p 00199000 08:01 132747                     /usr/lib/libc-2.20.so
7fe0f62ac000-7fe0f62ae000 rw-p 0019d000 08:01 132747                     /usr/lib/libc-2.20.so
7fe0f62ae000-7fe0f62b2000 rw-p 00000000 00:00 0 
7fe0f62b2000-7fe0f62b5000 r-xp 00000000 08:01 132699                     /usr/lib/libdl-2.20.so
7fe0f62b5000-7fe0f64b4000 ---p 00003000 08:01 132699                     /usr/lib/libdl-2.20.so
7fe0f64b4000-7fe0f64b5000 r--p 00002000 08:01 132699                     /usr/lib/libdl-2.20.so
7fe0f64b5000-7fe0f64b6000 rw-p 00003000 08:01 132699                     /usr/lib/libdl-2.20.so
7fe0f64b6000-7fe0f64c3000 r-xp 00000000 08:01 270473                     /usr/lib/jvm/java-7-openjdk/jre/lib/amd64/jli/libjli.so
7fe0f64c3000-7fe0f66c2000 ---p 0000d000 08:01 270473                     /usr/lib/jvm/java-7-openjdk/jre/lib/amd64/jli/libjli.so
7fe0f66c2000-7fe0f66c3000 rw-p 0000c000 08:01 270473                     /usr/lib/jvm/java-7-openjdk/jre/lib/amd64/jli/libjli.so
7fe0f66c3000-7fe0f66da000 r-xp 00000000 08:01 132714                     /usr/lib/libpthread-2.20.so
7fe0f66da000-7fe0f68d9000 ---p 00017000 08:01 132714                     /usr/lib/libpthread-2.20.so
7fe0f68d9000-7fe0f68da000 r--p 00016000 08:01 132714                     /usr/lib/libpthread-2.20.so
7fe0f68da000-7fe0f68db000 rw-p 00017000 08:01 132714                     /usr/lib/libpthread-2.20.so
7fe0f68db000-7fe0f68df000 rw-p 00000000 00:00 0 
7fe0f68df000-7fe0f6901000 r-xp 00000000 08:01 132706                     /usr/lib/ld-2.20.so
7fe0f6944000-7fe0f694a000 rw-p 00000000 00:00 0 
7fe0f694a000-7fe0f69eb000 rw-p 00000000 00:00 0 
7fe0f69eb000-7fe0f69ee000 ---p 00000000 00:00 0 
7fe0f69ee000-7fe0f6af0000 rw-p 00000000 00:00 0                          [stack:783]
7fe0f6af3000-7fe0f6af5000 rw-p 00000000 00:00 0 
7fe0f6af5000-7fe0f6afd000 rw-s 00000000 00:1d 13806                      /tmp/hsperfdata_vagrant/777
7fe0f6afd000-7fe0f6afe000 rw-p 00000000 00:00 0 
7fe0f6afe000-7fe0f6aff000 r--p 00000000 00:00 0 
7fe0f6aff000-7fe0f6b00000 rw-p 00000000 00:00 0 
7fe0f6b00000-7fe0f6b01000 r--p 00021000 08:01 132706                     /usr/lib/ld-2.20.so
7fe0f6b01000-7fe0f6b02000 rw-p 00022000 08:01 132706                     /usr/lib/ld-2.20.so
7fe0f6b02000-7fe0f6b03000 rw-p 00000000 00:00 0 
7fffd57d1000-7fffd57f3000 rw-p 00000000 00:00 0                          [stack]
7fffd57fc000-7fffd57fe000 r--p 00000000 00:00 0                          [vvar]
7fffd57fe000-7fffd5800000 r-xp 00000000 00:00 0                          [vdso]
ffffffffff600000-ffffffffff601000 r-xp 00000000 00:00 0                  [vsyscall]

VM Arguments:
jvm_args: -Dfile.encoding=UTF-8 -XX:+TieredCompilation -XX:TieredStopAtLevel=1 -XX:-OmitStackTraceInFastThrow -Dclojure.compile.path=/home/vagrant/cs331/linked-list-lab/target/classes -Dlinked-list-lab.version=0.0.1-SNAPSHOT -Dclojure.debug=false 
java_command: clojure.main -i /tmp/form-init6451367474332739912.clj
Launcher Type: SUN_STANDARD

Environment Variables:
CLASSPATH=/home/vagrant/.lein/self-installs/leiningen-2.5.1-standalone.jar
PATH=/home/vagrant/bin:/usr/local/sbin:/usr/local/bin:/usr/bin:/usr/lib/jvm/default/bin:/usr/bin/site_perl:/usr/bin/vendor_perl:/usr/bin/core_perl
SHELL=/bin/bash

Signal Handlers:
SIGSEGV: [libjvm.so+0x97eaa0], sa_mask[0]=0x7ffbfeff, sa_flags=0x10000004
SIGBUS: [libjvm.so+0x97eaa0], sa_mask[0]=0x7ffbfeff, sa_flags=0x10000004
SIGFPE: [libjvm.so+0x7ece30], sa_mask[0]=0x7ffbfeff, sa_flags=0x10000004
SIGPIPE: [libjvm.so+0x7ece30], sa_mask[0]=0x7ffbfeff, sa_flags=0x10000004
SIGXFSZ: [libjvm.so+0x7ece30], sa_mask[0]=0x7ffbfeff, sa_flags=0x10000004
SIGILL: [libjvm.so+0x7ece30], sa_mask[0]=0x7ffbfeff, sa_flags=0x10000004
SIGUSR1: SIG_DFL, sa_mask[0]=0x00000000, sa_flags=0x00000000
SIGUSR2: [libjvm.so+0x7eccb0], sa_mask[0]=0x00000004, sa_flags=0x10000004
SIGHUP: SIG_DFL, sa_mask[0]=0x00000000, sa_flags=0x00000000
SIGINT: SIG_DFL, sa_mask[0]=0x00000000, sa_flags=0x00000000
SIGTERM: SIG_DFL, sa_mask[0]=0x00000000, sa_flags=0x00000000
SIGQUIT: SIG_DFL, sa_mask[0]=0x00000000, sa_flags=0x00000000
SIGTRAP: SIG_DFL, sa_mask[0]=0x00000000, sa_flags=0x00000000


---------------  S Y S T E M  ---------------

OS:Linux
uname:Linux 3.17.6-1-ARCH #1 SMP PREEMPT Sun Dec 7 23:43:32 UTC 2014 x86_64
libc:glibc 2.20 NPTL 2.20 
rlimit: STACK 8192k, CORE 0k, NPROC 3969, NOFILE 4096, AS infinity
load average:0.22 0.19 0.12

/proc/meminfo:
MemTotal:        1021716 kB
MemFree:           61164 kB
MemAvailable:      22424 kB
Buffers:            2400 kB
Cached:            24020 kB
SwapCached:            0 kB
Active:           900000 kB
Inactive:          14600 kB
Active(anon):     888896 kB
Inactive(anon):      632 kB
Active(file):      11104 kB
Inactive(file):    13968 kB
Unevictable:           0 kB
Mlocked:               0 kB
SwapTotal:             0 kB
SwapFree:              0 kB
Dirty:                 8 kB
Writeback:             0 kB
AnonPages:        888740 kB
Mapped:            15512 kB
Shmem:               820 kB
Slab:              20528 kB
SReclaimable:      10072 kB
SUnreclaim:        10456 kB
KernelStack:        3408 kB
PageTables:         7892 kB
NFS_Unstable:          0 kB
Bounce:                0 kB
WritebackTmp:          0 kB
CommitLimit:      510856 kB
Committed_AS:    1068636 kB
VmallocTotal:   34359738367 kB
VmallocUsed:       19892 kB
VmallocChunk:   34359717879 kB
HardwareCorrupted:     0 kB
AnonHugePages:    518144 kB
HugePages_Total:       0
HugePages_Free:        0
HugePages_Rsvd:        0
HugePages_Surp:        0
Hugepagesize:       2048 kB
DirectMap4k:       30656 kB
DirectMap2M:     1017856 kB


CPU:total 4 (4 cores per cpu, 1 threads per core) family 6 model 70 stepping 1, cmov, cx8, fxsr, mmx, sse, sse2, sse3, ssse3, tsc

/proc/cpuinfo:
processor	: 0
vendor_id	: GenuineIntel
cpu family	: 6
model		: 70
model name	: Intel(R) Core(TM) i7-4770HQ CPU @ 2.20GHz
stepping	: 1
microcode	: 0x19
cpu MHz		: 2179.815
cache size	: 6144 KB
physical id	: 0
siblings	: 4
core id		: 0
cpu cores	: 4
apicid		: 0
initial apicid	: 0
fpu		: yes
fpu_exception	: yes
cpuid level	: 5
wp		: yes
flags		: fpu vme de pse tsc msr pae mce cx8 apic sep mtrr pge mca cmov pat pse36 clflush mmx fxsr sse sse2 ht syscall nx rdtscp lm constant_tsc rep_good nopl pni ssse3 lahf_lm
bugs		:
bogomips	: 4361.28
clflush size	: 64
cache_alignment	: 64
address sizes	: 39 bits physical, 48 bits virtual
power management:

processor	: 1
vendor_id	: GenuineIntel
cpu family	: 6
model		: 70
model name	: Intel(R) Core(TM) i7-4770HQ CPU @ 2.20GHz
stepping	: 1
microcode	: 0x19
cpu MHz		: 2179.815
cache size	: 6144 KB
physical id	: 0
siblings	: 4
core id		: 1
cpu cores	: 4
apicid		: 1
initial apicid	: 1
fpu		: yes
fpu_exception	: yes
cpuid level	: 5
wp		: yes
flags		: fpu vme de pse tsc msr pae mce cx8 apic sep mtrr pge mca cmov pat pse36 clflush mmx fxsr sse sse2 ht syscall nx rdtscp lm constant_tsc rep_good nopl pni ssse3 lahf_lm
bugs		:
bogomips	: 4361.28
clflush size	: 64
cache_alignment	: 64
address sizes	: 39 bits physical, 48 bits virtual
power management:

processor	: 2
vendor_id	: GenuineIntel
cpu family	: 6
model		: 70
model name	: Intel(R) Core(TM) i7-4770HQ CPU @ 2.20GHz
stepping	: 1
microcode	: 0x19
cpu MHz		: 2179.815
cache size	: 6144 KB
physical id	: 0
siblings	: 4
core id		: 2
cpu cores	: 4
apicid		: 2
initial apicid	: 2
fpu		: yes
fpu_exception	: yes
cpuid level	: 5
wp		: yes
flags		: fpu vme de pse tsc msr pae mce cx8 apic sep mtrr pge mca cmov pat pse36 clflush mmx fxsr sse sse2 ht syscall nx rdtscp lm constant_tsc rep_good nopl pni ssse3 lahf_lm
bugs		:
bogomips	: 4361.28
clflush size	: 64
cache_alignment	: 64
address sizes	: 39 bits physical, 48 bits virtual
power management:

processor	: 3
vendor_id	: GenuineIntel
cpu family	: 6
model		: 70
model name	: Intel(R) Core(TM) i7-4770HQ CPU @ 2.20GHz
stepping	: 1
microcode	: 0x19
cpu MHz		: 2179.815
cache size	: 6144 KB
physical id	: 0
siblings	: 4
core id		: 3
cpu cores	: 4
apicid		: 3
initial apicid	: 3
fpu		: yes
fpu_exception	: yes
cpuid level	: 5
wp		: yes
flags		: fpu vme de pse tsc msr pae mce cx8 apic sep mtrr pge mca cmov pat pse36 clflush mmx fxsr sse sse2 ht syscall nx rdtscp lm constant_tsc rep_good nopl pni ssse3 lahf_lm
bugs		:
bogomips	: 4361.28
clflush size	: 64
cache_alignment	: 64
address sizes	: 39 bits physical, 48 bits virtual
power management:



Memory: 4k page, physical 1021716k(61164k free), swap 0k(0k free)

vm_info: OpenJDK 64-Bit Server VM (24.75-b04) for linux-amd64 JRE (1.7.0_75-b13), built on Jan 23 2015 11:04:40 by "builduser" with gcc 4.9.2 20141224 (prerelease)

time: Thu Feb 19 07:00:14 2015
elapsed time: 0 seconds

