#
# There is insufficient memory for the Java Runtime Environment to continue.
# Native memory allocation (malloc) failed to allocate 5439488 bytes for committing reserved memory.
# Possible reasons:
#   The system is out of physical RAM or swap space
#   In 32 bit mode, the process size limit was hit
# Possible solutions:
#   Reduce memory load on the system
#   Increase physical memory or swap space
#   Check if swap backing store is full
#   Use 64 bit Java on a 64 bit OS
#   Decrease Java heap size (-Xmx/-Xms)
#   Decrease number of Java threads
#   Decrease Java thread stack sizes (-Xss)
#   Set larger code cache with -XX:ReservedCodeCacheSize=
# This output file may be truncated or incomplete.
#
#  Out of Memory Error (os_linux.cpp:2798), pid=1188, tid=139780082747136
#
# JRE version:  (7.0_75-b13) (build )
# Java VM: OpenJDK 64-Bit Server VM (24.75-b04 mixed mode linux-amd64 compressed oops)
# Derivative: IcedTea 2.5.4
# Distribution: Custom build (Fri Jan 23 11:00:44 UTC 2015)
# Failed to write core dump. Core dumps have been disabled. To enable core dumping, try "ulimit -c unlimited" before starting Java again
#

---------------  T H R E A D  ---------------

Current thread (0x00007f210c009000):  JavaThread "Unknown thread" [_thread_in_vm, id=1189, stack(0x00007f21161dc000,0x00007f21162dd000)]

Stack: [0x00007f21161dc000,0x00007f21162dd000],  sp=0x00007f21162db5d0,  free space=1021k
Native frames: (J=compiled Java code, j=interpreted, Vv=VM code, C=native code)
V  [libjvm.so+0x97dfb6]
V  [libjvm.so+0x48e252]
V  [libjvm.so+0x7f188b]
V  [libjvm.so+0x7ebffe]
V  [libjvm.so+0x97ae54]
V  [libjvm.so+0x5725bc]
V  [libjvm.so+0x492f3e]
V  [libjvm.so+0x573872]
V  [libjvm.so+0x56255d]
V  [libjvm.so+0x9479a7]
V  [libjvm.so+0x947cf6]
V  [libjvm.so+0x5ade7f]
V  [libjvm.so+0x92954f]
V  [libjvm.so+0x61ca00]  JNI_CreateJavaVM+0x60
C  [libjli.so+0x29bf]


---------------  P R O C E S S  ---------------

Java Threads: ( => current thread )

Other Threads:

=>0x00007f210c009000 (exited) JavaThread "Unknown thread" [_thread_in_vm, id=1189, stack(0x00007f21161dc000,0x00007f21162dd000)]

VM state:not at safepoint (not fully initialized)

VM Mutex/Monitor currently owned by a thread: None

GC Heap History (0 events):
No events

Deoptimization events (0 events):
No events

Internal exceptions (0 events):
No events

Events (0 events):
No events


Dynamic libraries:
00400000-00401000 r-xp 00000000 08:01 270478                             /usr/lib/jvm/java-7-openjdk/jre/bin/java
00600000-00601000 rw-p 00000000 08:01 270478                             /usr/lib/jvm/java-7-openjdk/jre/bin/java
00636000-00657000 rw-p 00000000 00:00 0                                  [heap]
d6b30000-100000000 rw-p 00000000 00:00 0 
7f2106000000-7f2106270000 rwxp 00000000 00:00 0 
7f2106270000-7f210c021000 rw-p 00000000 00:00 0 
7f210c021000-7f2110000000 ---p 00000000 00:00 0 
7f2113162000-7f21132af000 rw-p 00000000 00:00 0 
7f21132af000-7f21132ba000 rw-p 00000000 00:00 0 
7f21132ba000-7f2113430000 rw-p 00000000 00:00 0 
7f2113430000-7f2113438000 r-xp 00000000 08:01 270445                     /usr/lib/jvm/java-7-openjdk/jre/lib/amd64/libzip.so
7f2113438000-7f2113637000 ---p 00008000 08:01 270445                     /usr/lib/jvm/java-7-openjdk/jre/lib/amd64/libzip.so
7f2113637000-7f2113638000 rw-p 00007000 08:01 270445                     /usr/lib/jvm/java-7-openjdk/jre/lib/amd64/libzip.so
7f2113638000-7f2113643000 r-xp 00000000 08:01 132704                     /usr/lib/libnss_files-2.20.so
7f2113643000-7f2113843000 ---p 0000b000 08:01 132704                     /usr/lib/libnss_files-2.20.so
7f2113843000-7f2113844000 r--p 0000b000 08:01 132704                     /usr/lib/libnss_files-2.20.so
7f2113844000-7f2113845000 rw-p 0000c000 08:01 132704                     /usr/lib/libnss_files-2.20.so
7f2113845000-7f2113871000 r-xp 00000000 08:01 270444                     /usr/lib/jvm/java-7-openjdk/jre/lib/amd64/libjava.so
7f2113871000-7f2113a70000 ---p 0002c000 08:01 270444                     /usr/lib/jvm/java-7-openjdk/jre/lib/amd64/libjava.so
7f2113a70000-7f2113a72000 rw-p 0002b000 08:01 270444                     /usr/lib/jvm/java-7-openjdk/jre/lib/amd64/libjava.so
7f2113a72000-7f2113a7f000 r-xp 00000000 08:01 270443                     /usr/lib/jvm/java-7-openjdk/jre/lib/amd64/libverify.so
7f2113a7f000-7f2113c7e000 ---p 0000d000 08:01 270443                     /usr/lib/jvm/java-7-openjdk/jre/lib/amd64/libverify.so
7f2113c7e000-7f2113c80000 rw-p 0000c000 08:01 270443                     /usr/lib/jvm/java-7-openjdk/jre/lib/amd64/libverify.so
7f2113c80000-7f2113c87000 r-xp 00000000 08:01 132760                     /usr/lib/librt-2.20.so
7f2113c87000-7f2113e86000 ---p 00007000 08:01 132760                     /usr/lib/librt-2.20.so
7f2113e86000-7f2113e87000 r--p 00006000 08:01 132760                     /usr/lib/librt-2.20.so
7f2113e87000-7f2113e88000 rw-p 00007000 08:01 132760                     /usr/lib/librt-2.20.so
7f2113e88000-7f2113e9e000 r-xp 00000000 08:01 135609                     /usr/lib/libgcc_s.so.1
7f2113e9e000-7f211409d000 ---p 00016000 08:01 135609                     /usr/lib/libgcc_s.so.1
7f211409d000-7f211409e000 rw-p 00015000 08:01 135609                     /usr/lib/libgcc_s.so.1
7f211409e000-7f21141a1000 r-xp 00000000 08:01 132746                     /usr/lib/libm-2.20.so
7f21141a1000-7f21143a1000 ---p 00103000 08:01 132746                     /usr/lib/libm-2.20.so
7f21143a1000-7f21143a2000 r--p 00103000 08:01 132746                     /usr/lib/libm-2.20.so
7f21143a2000-7f21143a3000 rw-p 00104000 08:01 132746                     /usr/lib/libm-2.20.so
7f21143a3000-7f2114493000 r-xp 00000000 08:01 135613                     /usr/lib/libstdc++.so.6.0.20
7f2114493000-7f2114693000 ---p 000f0000 08:01 135613                     /usr/lib/libstdc++.so.6.0.20
7f2114693000-7f211469b000 r--p 000f0000 08:01 135613                     /usr/lib/libstdc++.so.6.0.20
7f211469b000-7f211469d000 rw-p 000f8000 08:01 135613                     /usr/lib/libstdc++.so.6.0.20
7f211469d000-7f21146b2000 rw-p 00000000 00:00 0 
7f21146b2000-7f21151fc000 r-xp 00000000 08:01 270477                     /usr/lib/jvm/java-7-openjdk/jre/lib/amd64/server/libjvm.so
7f21151fc000-7f21153fc000 ---p 00b4a000 08:01 270477                     /usr/lib/jvm/java-7-openjdk/jre/lib/amd64/server/libjvm.so
7f21153fc000-7f21154be000 rw-p 00b4a000 08:01 270477                     /usr/lib/jvm/java-7-openjdk/jre/lib/amd64/server/libjvm.so
7f21154be000-7f21154ea000 rw-p 00000000 00:00 0 
7f21154ea000-7f21154ff000 r-xp 00000000 08:01 135653                     /usr/lib/libz.so.1.2.8
7f21154ff000-7f21156fe000 ---p 00015000 08:01 135653                     /usr/lib/libz.so.1.2.8
7f21156fe000-7f21156ff000 r--p 00014000 08:01 135653                     /usr/lib/libz.so.1.2.8
7f21156ff000-7f2115700000 rw-p 00015000 08:01 135653                     /usr/lib/libz.so.1.2.8
7f2115700000-7f2115899000 r-xp 00000000 08:01 132747                     /usr/lib/libc-2.20.so
7f2115899000-7f2115a99000 ---p 00199000 08:01 132747                     /usr/lib/libc-2.20.so
7f2115a99000-7f2115a9d000 r--p 00199000 08:01 132747                     /usr/lib/libc-2.20.so
7f2115a9d000-7f2115a9f000 rw-p 0019d000 08:01 132747                     /usr/lib/libc-2.20.so
7f2115a9f000-7f2115aa3000 rw-p 00000000 00:00 0 
7f2115aa3000-7f2115aa6000 r-xp 00000000 08:01 132699                     /usr/lib/libdl-2.20.so
7f2115aa6000-7f2115ca5000 ---p 00003000 08:01 132699                     /usr/lib/libdl-2.20.so
7f2115ca5000-7f2115ca6000 r--p 00002000 08:01 132699                     /usr/lib/libdl-2.20.so
7f2115ca6000-7f2115ca7000 rw-p 00003000 08:01 132699                     /usr/lib/libdl-2.20.so
7f2115ca7000-7f2115cb4000 r-xp 00000000 08:01 270473                     /usr/lib/jvm/java-7-openjdk/jre/lib/amd64/jli/libjli.so
7f2115cb4000-7f2115eb3000 ---p 0000d000 08:01 270473                     /usr/lib/jvm/java-7-openjdk/jre/lib/amd64/jli/libjli.so
7f2115eb3000-7f2115eb4000 rw-p 0000c000 08:01 270473                     /usr/lib/jvm/java-7-openjdk/jre/lib/amd64/jli/libjli.so
7f2115eb4000-7f2115ecb000 r-xp 00000000 08:01 132714                     /usr/lib/libpthread-2.20.so
7f2115ecb000-7f21160ca000 ---p 00017000 08:01 132714                     /usr/lib/libpthread-2.20.so
7f21160ca000-7f21160cb000 r--p 00016000 08:01 132714                     /usr/lib/libpthread-2.20.so
7f21160cb000-7f21160cc000 rw-p 00017000 08:01 132714                     /usr/lib/libpthread-2.20.so
7f21160cc000-7f21160d0000 rw-p 00000000 00:00 0 
7f21160d0000-7f21160f2000 r-xp 00000000 08:01 132706                     /usr/lib/ld-2.20.so
7f21161dc000-7f21161df000 ---p 00000000 00:00 0 
7f21161df000-7f21162e1000 rw-p 00000000 00:00 0                          [stack:1189]
7f21162e4000-7f21162e6000 rw-p 00000000 00:00 0 
7f21162e6000-7f21162ee000 rw-s 00000000 00:1e 14542                      /tmp/hsperfdata_vagrant/1188
7f21162ee000-7f21162ef000 rw-p 00000000 00:00 0 
7f21162ef000-7f21162f0000 r--p 00000000 00:00 0 
7f21162f0000-7f21162f1000 rw-p 00000000 00:00 0 
7f21162f1000-7f21162f2000 r--p 00021000 08:01 132706                     /usr/lib/ld-2.20.so
7f21162f2000-7f21162f3000 rw-p 00022000 08:01 132706                     /usr/lib/ld-2.20.so
7f21162f3000-7f21162f4000 rw-p 00000000 00:00 0 
7fff3eafd000-7fff3eb1e000 rw-p 00000000 00:00 0                          [stack]
7fff3eb42000-7fff3eb44000 r--p 00000000 00:00 0                          [vvar]
7fff3eb44000-7fff3eb46000 r-xp 00000000 00:00 0                          [vdso]
ffffffffff600000-ffffffffff601000 r-xp 00000000 00:00 0                  [vsyscall]

VM Arguments:
jvm_args: -Xbootclasspath/a:/home/vagrant/.lein/self-installs/leiningen-2.5.1-standalone.jar -Dfile.encoding=UTF-8 -Dmaven.wagon.http.ssl.easy=false -Dmaven.wagon.rto=10000 -XX:+TieredCompilation -XX:TieredStopAtLevel=1 -Dleiningen.original.pwd=/home/vagrant/cs331/linked-list-lab -Dleiningen.script=/home/vagrant/bin/lein 
java_command: clojure.main -m leiningen.core.main midje
Launcher Type: SUN_STANDARD

Environment Variables:
CLASSPATH=/home/vagrant/.lein/self-installs/leiningen-2.5.1-standalone.jar
PATH=/home/vagrant/bin:/usr/local/sbin:/usr/local/bin:/usr/bin:/usr/lib/jvm/default/bin:/usr/bin/site_perl:/usr/bin/vendor_perl:/usr/bin/core_perl
SHELL=/bin/bash

Signal Handlers:
SIGSEGV: [libjvm.so+0x97eaa0], sa_mask[0]=0x7ffbfeff, sa_flags=0x10000004
SIGBUS: [libjvm.so+0x97eaa0], sa_mask[0]=0x7ffbfeff, sa_flags=0x10000004
SIGFPE: [libjvm.so+0x7ece30], sa_mask[0]=0x7ffbfeff, sa_flags=0x10000004
SIGPIPE: [libjvm.so+0x7ece30], sa_mask[0]=0x7ffbfeff, sa_flags=0x10000004
SIGXFSZ: [libjvm.so+0x7ece30], sa_mask[0]=0x7ffbfeff, sa_flags=0x10000004
SIGILL: [libjvm.so+0x7ece30], sa_mask[0]=0x7ffbfeff, sa_flags=0x10000004
SIGUSR1: SIG_DFL, sa_mask[0]=0x00000000, sa_flags=0x00000000
SIGUSR2: [libjvm.so+0x7eccb0], sa_mask[0]=0x00000000, sa_flags=0x10000004
SIGHUP: SIG_DFL, sa_mask[0]=0x00000000, sa_flags=0x00000000
SIGINT: SIG_DFL, sa_mask[0]=0x00000000, sa_flags=0x00000000
SIGTERM: SIG_DFL, sa_mask[0]=0x00000000, sa_flags=0x00000000
SIGQUIT: SIG_DFL, sa_mask[0]=0x00000000, sa_flags=0x00000000
SIGTRAP: SIG_DFL, sa_mask[0]=0x00000000, sa_flags=0x00000000


---------------  S Y S T E M  ---------------

OS:Linux
uname:Linux 3.17.6-1-ARCH #1 SMP PREEMPT Sun Dec 7 23:43:32 UTC 2014 x86_64
libc:glibc 2.20 NPTL 2.20 
rlimit: STACK 8192k, CORE 0k, NPROC 3969, NOFILE 4096, AS infinity
load average:0.15 0.11 0.07

/proc/meminfo:
MemTotal:        1021716 kB
MemFree:           65176 kB
MemAvailable:      18480 kB
Buffers:            1004 kB
Cached:             9316 kB
SwapCached:            0 kB
Active:           897092 kB
Inactive:           8008 kB
Active(anon):     895348 kB
Inactive(anon):      632 kB
Active(file):       1744 kB
Inactive(file):     7376 kB
Unevictable:           0 kB
Mlocked:               0 kB
SwapTotal:             0 kB
SwapFree:              0 kB
Dirty:                 4 kB
Writeback:             0 kB
AnonPages:        895140 kB
Mapped:             6732 kB
Shmem:               820 kB
Slab:              21576 kB
SReclaimable:      10112 kB
SUnreclaim:        11464 kB
KernelStack:        3488 kB
PageTables:        11552 kB
NFS_Unstable:          0 kB
Bounce:                0 kB
WritebackTmp:          0 kB
CommitLimit:      510856 kB
Committed_AS:    1157304 kB
VmallocTotal:   34359738367 kB
VmallocUsed:       19892 kB
VmallocChunk:   34359718375 kB
HardwareCorrupted:     0 kB
AnonHugePages:    522240 kB
HugePages_Total:       0
HugePages_Free:        0
HugePages_Rsvd:        0
HugePages_Surp:        0
Hugepagesize:       2048 kB
DirectMap4k:       30656 kB
DirectMap2M:     1017856 kB


CPU:total 4 (4 cores per cpu, 1 threads per core) family 6 model 70 stepping 1, cmov, cx8, fxsr, mmx, sse, sse2, sse3, ssse3, tsc

/proc/cpuinfo:
processor	: 0
vendor_id	: GenuineIntel
cpu family	: 6
model		: 70
model name	: Intel(R) Core(TM) i7-4770HQ CPU @ 2.20GHz
stepping	: 1
microcode	: 0x19
cpu MHz		: 2208.027
cache size	: 6144 KB
physical id	: 0
siblings	: 4
core id		: 0
cpu cores	: 4
apicid		: 0
initial apicid	: 0
fpu		: yes
fpu_exception	: yes
cpuid level	: 5
wp		: yes
flags		: fpu vme de pse tsc msr pae mce cx8 apic sep mtrr pge mca cmov pat pse36 clflush mmx fxsr sse sse2 ht syscall nx rdtscp lm constant_tsc rep_good nopl pni ssse3 lahf_lm
bugs		:
bogomips	: 4417.05
clflush size	: 64
cache_alignment	: 64
address sizes	: 39 bits physical, 48 bits virtual
power management:

processor	: 1
vendor_id	: GenuineIntel
cpu family	: 6
model		: 70
model name	: Intel(R) Core(TM) i7-4770HQ CPU @ 2.20GHz
stepping	: 1
microcode	: 0x19
cpu MHz		: 2208.027
cache size	: 6144 KB
physical id	: 0
siblings	: 4
core id		: 1
cpu cores	: 4
apicid		: 1
initial apicid	: 1
fpu		: yes
fpu_exception	: yes
cpuid level	: 5
wp		: yes
flags		: fpu vme de pse tsc msr pae mce cx8 apic sep mtrr pge mca cmov pat pse36 clflush mmx fxsr sse sse2 ht syscall nx rdtscp lm constant_tsc rep_good nopl pni ssse3 lahf_lm
bugs		:
bogomips	: 4417.05
clflush size	: 64
cache_alignment	: 64
address sizes	: 39 bits physical, 48 bits virtual
power management:

processor	: 2
vendor_id	: GenuineIntel
cpu family	: 6
model		: 70
model name	: Intel(R) Core(TM) i7-4770HQ CPU @ 2.20GHz
stepping	: 1
microcode	: 0x19
cpu MHz		: 2208.027
cache size	: 6144 KB
physical id	: 0
siblings	: 4
core id		: 2
cpu cores	: 4
apicid		: 2
initial apicid	: 2
fpu		: yes
fpu_exception	: yes
cpuid level	: 5
wp		: yes
flags		: fpu vme de pse tsc msr pae mce cx8 apic sep mtrr pge mca cmov pat pse36 clflush mmx fxsr sse sse2 ht syscall nx rdtscp lm constant_tsc rep_good nopl pni ssse3 lahf_lm
bugs		:
bogomips	: 4417.05
clflush size	: 64
cache_alignment	: 64
address sizes	: 39 bits physical, 48 bits virtual
power management:

processor	: 3
vendor_id	: GenuineIntel
cpu family	: 6
model		: 70
model name	: Intel(R) Core(TM) i7-4770HQ CPU @ 2.20GHz
stepping	: 1
microcode	: 0x19
cpu MHz		: 2208.027
cache size	: 6144 KB
physical id	: 0
siblings	: 4
core id		: 3
cpu cores	: 4
apicid		: 3
initial apicid	: 3
fpu		: yes
fpu_exception	: yes
cpuid level	: 5
wp		: yes
flags		: fpu vme de pse tsc msr pae mce cx8 apic sep mtrr pge mca cmov pat pse36 clflush mmx fxsr sse sse2 ht syscall nx rdtscp lm constant_tsc rep_good nopl pni ssse3 lahf_lm
bugs		:
bogomips	: 4417.05
clflush size	: 64
cache_alignment	: 64
address sizes	: 39 bits physical, 48 bits virtual
power management:



Memory: 4k page, physical 1021716k(65176k free), swap 0k(0k free)

vm_info: OpenJDK 64-Bit Server VM (24.75-b04) for linux-amd64 JRE (1.7.0_75-b13), built on Jan 23 2015 11:04:40 by "builduser" with gcc 4.9.2 20141224 (prerelease)

time: Thu Feb 19 09:16:13 2015
elapsed time: 0 seconds

