#
# There is insufficient memory for the Java Runtime Environment to continue.
# Native memory allocation (malloc) failed to allocate 2555904 bytes for committing reserved memory.
# Possible reasons:
#   The system is out of physical RAM or swap space
#   In 32 bit mode, the process size limit was hit
# Possible solutions:
#   Reduce memory load on the system
#   Increase physical memory or swap space
#   Check if swap backing store is full
#   Use 64 bit Java on a 64 bit OS
#   Decrease Java heap size (-Xmx/-Xms)
#   Decrease number of Java threads
#   Decrease Java thread stack sizes (-Xss)
#   Set larger code cache with -XX:ReservedCodeCacheSize=
# This output file may be truncated or incomplete.
#
#  Out of Memory Error (os_linux.cpp:2798), pid=1602, tid=139830799505152
#
# JRE version:  (7.0_75-b13) (build )
# Java VM: OpenJDK 64-Bit Server VM (24.75-b04 mixed mode linux-amd64 compressed oops)
# Derivative: IcedTea 2.5.4
# Distribution: Custom build (Fri Jan 23 11:00:44 UTC 2015)
# Failed to write core dump. Core dumps have been disabled. To enable core dumping, try "ulimit -c unlimited" before starting Java again
#

---------------  T H R E A D  ---------------

Current thread (0x00007f2cdc009000):  JavaThread "Unknown thread" [_thread_in_vm, id=1603, stack(0x00007f2ce5121000,0x00007f2ce5222000)]

Stack: [0x00007f2ce5121000,0x00007f2ce5222000],  sp=0x00007f2ce5220870,  free space=1022k
Native frames: (J=compiled Java code, j=interpreted, Vv=VM code, C=native code)
V  [libjvm.so+0x97dfb6]
V  [libjvm.so+0x48e252]
V  [libjvm.so+0x7f188b]
V  [libjvm.so+0x7ebffe]
V  [libjvm.so+0x97ae54]
V  [libjvm.so+0x58abf2]
V  [libjvm.so+0x41e5d1]
V  [libjvm.so+0x5ade6b]
V  [libjvm.so+0x92954f]
V  [libjvm.so+0x61ca00]  JNI_CreateJavaVM+0x60
C  [libjli.so+0x29bf]


---------------  P R O C E S S  ---------------

Java Threads: ( => current thread )

Other Threads:

=>0x00007f2cdc009000 (exited) JavaThread "Unknown thread" [_thread_in_vm, id=1603, stack(0x00007f2ce5121000,0x00007f2ce5222000)]

VM state:not at safepoint (not fully initialized)

VM Mutex/Monitor currently owned by a thread: None

Deoptimization events (0 events):
No events

Internal exceptions (0 events):
No events

Events (0 events):
No events


Dynamic libraries:
00400000-00401000 r-xp 00000000 08:01 270478                             /usr/lib/jvm/java-7-openjdk/jre/bin/java
00600000-00601000 rw-p 00000000 08:01 270478                             /usr/lib/jvm/java-7-openjdk/jre/bin/java
016ae000-016cf000 rw-p 00000000 00:00 0                                  [heap]
7f2cd6270000-7f2cdc021000 rw-p 00000000 00:00 0 
7f2cdc021000-7f2ce0000000 ---p 00000000 00:00 0 
7f2ce2375000-7f2ce237d000 r-xp 00000000 08:01 270445                     /usr/lib/jvm/java-7-openjdk/jre/lib/amd64/libzip.so
7f2ce237d000-7f2ce257c000 ---p 00008000 08:01 270445                     /usr/lib/jvm/java-7-openjdk/jre/lib/amd64/libzip.so
7f2ce257c000-7f2ce257d000 rw-p 00007000 08:01 270445                     /usr/lib/jvm/java-7-openjdk/jre/lib/amd64/libzip.so
7f2ce257d000-7f2ce2588000 r-xp 00000000 08:01 132704                     /usr/lib/libnss_files-2.20.so
7f2ce2588000-7f2ce2788000 ---p 0000b000 08:01 132704                     /usr/lib/libnss_files-2.20.so
7f2ce2788000-7f2ce2789000 r--p 0000b000 08:01 132704                     /usr/lib/libnss_files-2.20.so
7f2ce2789000-7f2ce278a000 rw-p 0000c000 08:01 132704                     /usr/lib/libnss_files-2.20.so
7f2ce278a000-7f2ce27b6000 r-xp 00000000 08:01 270444                     /usr/lib/jvm/java-7-openjdk/jre/lib/amd64/libjava.so
7f2ce27b6000-7f2ce29b5000 ---p 0002c000 08:01 270444                     /usr/lib/jvm/java-7-openjdk/jre/lib/amd64/libjava.so
7f2ce29b5000-7f2ce29b7000 rw-p 0002b000 08:01 270444                     /usr/lib/jvm/java-7-openjdk/jre/lib/amd64/libjava.so
7f2ce29b7000-7f2ce29c4000 r-xp 00000000 08:01 270443                     /usr/lib/jvm/java-7-openjdk/jre/lib/amd64/libverify.so
7f2ce29c4000-7f2ce2bc3000 ---p 0000d000 08:01 270443                     /usr/lib/jvm/java-7-openjdk/jre/lib/amd64/libverify.so
7f2ce2bc3000-7f2ce2bc5000 rw-p 0000c000 08:01 270443                     /usr/lib/jvm/java-7-openjdk/jre/lib/amd64/libverify.so
7f2ce2bc5000-7f2ce2bcc000 r-xp 00000000 08:01 132760                     /usr/lib/librt-2.20.so
7f2ce2bcc000-7f2ce2dcb000 ---p 00007000 08:01 132760                     /usr/lib/librt-2.20.so
7f2ce2dcb000-7f2ce2dcc000 r--p 00006000 08:01 132760                     /usr/lib/librt-2.20.so
7f2ce2dcc000-7f2ce2dcd000 rw-p 00007000 08:01 132760                     /usr/lib/librt-2.20.so
7f2ce2dcd000-7f2ce2de3000 r-xp 00000000 08:01 135609                     /usr/lib/libgcc_s.so.1
7f2ce2de3000-7f2ce2fe2000 ---p 00016000 08:01 135609                     /usr/lib/libgcc_s.so.1
7f2ce2fe2000-7f2ce2fe3000 rw-p 00015000 08:01 135609                     /usr/lib/libgcc_s.so.1
7f2ce2fe3000-7f2ce30e6000 r-xp 00000000 08:01 132746                     /usr/lib/libm-2.20.so
7f2ce30e6000-7f2ce32e6000 ---p 00103000 08:01 132746                     /usr/lib/libm-2.20.so
7f2ce32e6000-7f2ce32e7000 r--p 00103000 08:01 132746                     /usr/lib/libm-2.20.so
7f2ce32e7000-7f2ce32e8000 rw-p 00104000 08:01 132746                     /usr/lib/libm-2.20.so
7f2ce32e8000-7f2ce33d8000 r-xp 00000000 08:01 135613                     /usr/lib/libstdc++.so.6.0.20
7f2ce33d8000-7f2ce35d8000 ---p 000f0000 08:01 135613                     /usr/lib/libstdc++.so.6.0.20
7f2ce35d8000-7f2ce35e0000 r--p 000f0000 08:01 135613                     /usr/lib/libstdc++.so.6.0.20
7f2ce35e0000-7f2ce35e2000 rw-p 000f8000 08:01 135613                     /usr/lib/libstdc++.so.6.0.20
7f2ce35e2000-7f2ce35f7000 rw-p 00000000 00:00 0 
7f2ce35f7000-7f2ce4141000 r-xp 00000000 08:01 270477                     /usr/lib/jvm/java-7-openjdk/jre/lib/amd64/server/libjvm.so
7f2ce4141000-7f2ce4341000 ---p 00b4a000 08:01 270477                     /usr/lib/jvm/java-7-openjdk/jre/lib/amd64/server/libjvm.so
7f2ce4341000-7f2ce4403000 rw-p 00b4a000 08:01 270477                     /usr/lib/jvm/java-7-openjdk/jre/lib/amd64/server/libjvm.so
7f2ce4403000-7f2ce442f000 rw-p 00000000 00:00 0 
7f2ce442f000-7f2ce4444000 r-xp 00000000 08:01 135653                     /usr/lib/libz.so.1.2.8
7f2ce4444000-7f2ce4643000 ---p 00015000 08:01 135653                     /usr/lib/libz.so.1.2.8
7f2ce4643000-7f2ce4644000 r--p 00014000 08:01 135653                     /usr/lib/libz.so.1.2.8
7f2ce4644000-7f2ce4645000 rw-p 00015000 08:01 135653                     /usr/lib/libz.so.1.2.8
7f2ce4645000-7f2ce47de000 r-xp 00000000 08:01 132747                     /usr/lib/libc-2.20.so
7f2ce47de000-7f2ce49de000 ---p 00199000 08:01 132747                     /usr/lib/libc-2.20.so
7f2ce49de000-7f2ce49e2000 r--p 00199000 08:01 132747                     /usr/lib/libc-2.20.so
7f2ce49e2000-7f2ce49e4000 rw-p 0019d000 08:01 132747                     /usr/lib/libc-2.20.so
7f2ce49e4000-7f2ce49e8000 rw-p 00000000 00:00 0 
7f2ce49e8000-7f2ce49eb000 r-xp 00000000 08:01 132699                     /usr/lib/libdl-2.20.so
7f2ce49eb000-7f2ce4bea000 ---p 00003000 08:01 132699                     /usr/lib/libdl-2.20.so
7f2ce4bea000-7f2ce4beb000 r--p 00002000 08:01 132699                     /usr/lib/libdl-2.20.so
7f2ce4beb000-7f2ce4bec000 rw-p 00003000 08:01 132699                     /usr/lib/libdl-2.20.so
7f2ce4bec000-7f2ce4bf9000 r-xp 00000000 08:01 270473                     /usr/lib/jvm/java-7-openjdk/jre/lib/amd64/jli/libjli.so
7f2ce4bf9000-7f2ce4df8000 ---p 0000d000 08:01 270473                     /usr/lib/jvm/java-7-openjdk/jre/lib/amd64/jli/libjli.so
7f2ce4df8000-7f2ce4df9000 rw-p 0000c000 08:01 270473                     /usr/lib/jvm/java-7-openjdk/jre/lib/amd64/jli/libjli.so
7f2ce4df9000-7f2ce4e10000 r-xp 00000000 08:01 132714                     /usr/lib/libpthread-2.20.so
7f2ce4e10000-7f2ce500f000 ---p 00017000 08:01 132714                     /usr/lib/libpthread-2.20.so
7f2ce500f000-7f2ce5010000 r--p 00016000 08:01 132714                     /usr/lib/libpthread-2.20.so
7f2ce5010000-7f2ce5011000 rw-p 00017000 08:01 132714                     /usr/lib/libpthread-2.20.so
7f2ce5011000-7f2ce5015000 rw-p 00000000 00:00 0 
7f2ce5015000-7f2ce5037000 r-xp 00000000 08:01 132706                     /usr/lib/ld-2.20.so
7f2ce5121000-7f2ce5124000 ---p 00000000 00:00 0 
7f2ce5124000-7f2ce5226000 rw-p 00000000 00:00 0                          [stack:1603]
7f2ce5229000-7f2ce522b000 rw-p 00000000 00:00 0 
7f2ce522b000-7f2ce5233000 rw-s 00000000 00:1d 18246                      /tmp/hsperfdata_vagrant/1602
7f2ce5233000-7f2ce5234000 rw-p 00000000 00:00 0 
7f2ce5234000-7f2ce5235000 r--p 00000000 00:00 0 
7f2ce5235000-7f2ce5236000 rw-p 00000000 00:00 0 
7f2ce5236000-7f2ce5237000 r--p 00021000 08:01 132706                     /usr/lib/ld-2.20.so
7f2ce5237000-7f2ce5238000 rw-p 00022000 08:01 132706                     /usr/lib/ld-2.20.so
7f2ce5238000-7f2ce5239000 rw-p 00000000 00:00 0 
7fff3eb94000-7fff3ebb5000 rw-p 00000000 00:00 0                          [stack]
7fff3ebfc000-7fff3ebfe000 r--p 00000000 00:00 0                          [vvar]
7fff3ebfe000-7fff3ec00000 r-xp 00000000 00:00 0                          [vdso]
ffffffffff600000-ffffffffff601000 r-xp 00000000 00:00 0                  [vsyscall]

VM Arguments:
jvm_args: -Xbootclasspath/a:/home/vagrant/.lein/self-installs/leiningen-2.5.1-standalone.jar -Dfile.encoding=UTF-8 -Dmaven.wagon.http.ssl.easy=false -Dmaven.wagon.rto=10000 -XX:+TieredCompilation -XX:TieredStopAtLevel=1 -Dleiningen.original.pwd=/home/vagrant/cs331/bst -Dleiningen.script=/home/vagrant/bin/lein 
java_command: clojure.main -m leiningen.core.main midje
Launcher Type: SUN_STANDARD

Environment Variables:
CLASSPATH=/home/vagrant/.lein/self-installs/leiningen-2.5.1-standalone.jar
PATH=/home/vagrant/bin:/usr/local/sbin:/usr/local/bin:/usr/bin:/usr/lib/jvm/default/bin:/usr/bin/site_perl:/usr/bin/vendor_perl:/usr/bin/core_perl
SHELL=/bin/bash

Signal Handlers:
SIGSEGV: [libjvm.so+0x97eaa0], sa_mask[0]=0x7ffbfeff, sa_flags=0x10000004
SIGBUS: [libjvm.so+0x97eaa0], sa_mask[0]=0x7ffbfeff, sa_flags=0x10000004
SIGFPE: [libjvm.so+0x7ece30], sa_mask[0]=0x7ffbfeff, sa_flags=0x10000004
SIGPIPE: [libjvm.so+0x7ece30], sa_mask[0]=0x7ffbfeff, sa_flags=0x10000004
SIGXFSZ: [libjvm.so+0x7ece30], sa_mask[0]=0x7ffbfeff, sa_flags=0x10000004
SIGILL: [libjvm.so+0x7ece30], sa_mask[0]=0x7ffbfeff, sa_flags=0x10000004
SIGUSR1: SIG_DFL, sa_mask[0]=0x00000000, sa_flags=0x00000000
SIGUSR2: [libjvm.so+0x7eccb0], sa_mask[0]=0x00000000, sa_flags=0x10000004
SIGHUP: SIG_DFL, sa_mask[0]=0x00000000, sa_flags=0x00000000
SIGINT: SIG_DFL, sa_mask[0]=0x00000000, sa_flags=0x00000000
SIGTERM: SIG_DFL, sa_mask[0]=0x00000000, sa_flags=0x00000000
SIGQUIT: SIG_DFL, sa_mask[0]=0x00000000, sa_flags=0x00000000
SIGTRAP: SIG_DFL, sa_mask[0]=0x00000000, sa_flags=0x00000000


---------------  S Y S T E M  ---------------

OS:Linux
uname:Linux 3.17.6-1-ARCH #1 SMP PREEMPT Sun Dec 7 23:43:32 UTC 2014 x86_64
libc:glibc 2.20 NPTL 2.20 
rlimit: STACK 8192k, CORE 0k, NPROC 3969, NOFILE 4096, AS infinity
load average:0.38 0.34 0.27

/proc/meminfo:
MemTotal:        1021716 kB
MemFree:           60884 kB
MemAvailable:      13960 kB
Buffers:            1020 kB
Cached:             9232 kB
SwapCached:            0 kB
Active:           902040 kB
Inactive:           8560 kB
Active(anon):     901060 kB
Inactive(anon):      924 kB
Active(file):        980 kB
Inactive(file):     7636 kB
Unevictable:           0 kB
Mlocked:               0 kB
SwapTotal:             0 kB
SwapFree:              0 kB
Dirty:                 8 kB
Writeback:            12 kB
AnonPages:        900884 kB
Mapped:             6476 kB
Shmem:              1108 kB
Slab:              21540 kB
SReclaimable:      10160 kB
SUnreclaim:        11380 kB
KernelStack:        3376 kB
PageTables:         9660 kB
NFS_Unstable:          0 kB
Bounce:                0 kB
WritebackTmp:          0 kB
CommitLimit:      510856 kB
Committed_AS:    1073184 kB
VmallocTotal:   34359738367 kB
VmallocUsed:       19924 kB
VmallocChunk:   34359717467 kB
HardwareCorrupted:     0 kB
AnonHugePages:    684032 kB
HugePages_Total:       0
HugePages_Free:        0
HugePages_Rsvd:        0
HugePages_Surp:        0
Hugepagesize:       2048 kB
DirectMap4k:       38848 kB
DirectMap2M:     1009664 kB


CPU:total 4 

/proc/cpuinfo:
processor	: 0
vendor_id	: GenuineIntel
cpu family	: 6
model		: 70
model name	: Intel(R) Core(TM) i7-4770HQ CPU @ 2.20GHz
stepping	: 1
microcode	: 0x19
cpu MHz		: 2119.462
cache size	: 6144 KB
physical id	: 0
siblings	: 4
core id		: 0
cpu cores	: 4
apicid		: 0
initial apicid	: 0
fpu		: yes
fpu_exception	: yes
cpuid level	: 5
wp		: yes
flags		: fpu vme de pse tsc msr pae mce cx8 apic sep mtrr pge mca cmov pat pse36 clflush mmx fxsr sse sse2 ht syscall nx rdtscp lm constant_tsc rep_good nopl pni ssse3 lahf_lm
bugs		:
bogomips	: 4240.54
clflush size	: 64
cache_alignment	: 64
address sizes	: 39 bits physical, 48 bits virtual
power management:

processor	: 1
vendor_id	: GenuineIntel
cpu family	: 6
model		: 70
model name	: Intel(R) Core(TM) i7-4770HQ CPU @ 2.20GHz
stepping	: 1
microcode	: 0x19
cpu MHz		: 2119.462
cache size	: 6144 KB
physical id	: 0
siblings	: 4
core id		: 1
cpu cores	: 4
apicid		: 1
initial apicid	: 1
fpu		: yes
fpu_exception	: yes
cpuid level	: 5
wp		: yes
flags		: fpu vme de pse tsc msr pae mce cx8 apic sep mtrr pge mca cmov pat pse36 clflush mmx fxsr sse sse2 ht syscall nx rdtscp lm constant_tsc rep_good nopl pni ssse3 lahf_lm
bugs		:
bogomips	: 4240.54
clflush size	: 64
cache_alignment	: 64
address sizes	: 39 bits physical, 48 bits virtual
power management:

processor	: 2
vendor_id	: GenuineIntel
cpu family	: 6
model		: 70
model name	: Intel(R) Core(TM) i7-4770HQ CPU @ 2.20GHz
stepping	: 1
microcode	: 0x19
cpu MHz		: 2119.462
cache size	: 6144 KB
physical id	: 0
siblings	: 4
core id		: 2
cpu cores	: 4
apicid		: 2
initial apicid	: 2
fpu		: yes
fpu_exception	: yes
cpuid level	: 5
wp		: yes
flags		: fpu vme de pse tsc msr pae mce cx8 apic sep mtrr pge mca cmov pat pse36 clflush mmx fxsr sse sse2 ht syscall nx rdtscp lm constant_tsc rep_good nopl pni ssse3 lahf_lm
bugs		:
bogomips	: 4240.54
clflush size	: 64
cache_alignment	: 64
address sizes	: 39 bits physical, 48 bits virtual
power management:

processor	: 3
vendor_id	: GenuineIntel
cpu family	: 6
model		: 70
model name	: Intel(R) Core(TM) i7-4770HQ CPU @ 2.20GHz
stepping	: 1
microcode	: 0x19
cpu MHz		: 2119.462
cache size	: 6144 KB
physical id	: 0
siblings	: 4
core id		: 3
cpu cores	: 4
apicid		: 3
initial apicid	: 3
fpu		: yes
fpu_exception	: yes
cpuid level	: 5
wp		: yes
flags		: fpu vme de pse tsc msr pae mce cx8 apic sep mtrr pge mca cmov pat pse36 clflush mmx fxsr sse sse2 ht syscall nx rdtscp lm constant_tsc rep_good nopl pni ssse3 lahf_lm
bugs		:
bogomips	: 4240.54
clflush size	: 64
cache_alignment	: 64
address sizes	: 39 bits physical, 48 bits virtual
power management:



Memory: 4k page, physical 1021716k(60884k free), swap 0k(0k free)

vm_info: OpenJDK 64-Bit Server VM (24.75-b04) for linux-amd64 JRE (1.7.0_75-b13), built on Jan 23 2015 11:04:40 by "builduser" with gcc 4.9.2 20141224 (prerelease)

time: Thu Apr  9 12:01:09 2015
elapsed time: 0 seconds

