#
# There is insufficient memory for the Java Runtime Environment to continue.
# Native memory allocation (malloc) failed to allocate 65536 bytes for committing reserved memory.
# Possible reasons:
#   The system is out of physical RAM or swap space
#   In 32 bit mode, the process size limit was hit
# Possible solutions:
#   Reduce memory load on the system
#   Increase physical memory or swap space
#   Check if swap backing store is full
#   Use 64 bit Java on a 64 bit OS
#   Decrease Java heap size (-Xmx/-Xms)
#   Decrease number of Java threads
#   Decrease Java thread stack sizes (-Xss)
#   Set larger code cache with -XX:ReservedCodeCacheSize=
# This output file may be truncated or incomplete.
#
#  Out of Memory Error (os_linux.cpp:2798), pid=2308, tid=139968091621120
#
# JRE version: OpenJDK Runtime Environment (7.0_75-b13) (build 1.7.0_75-b13)
# Java VM: OpenJDK 64-Bit Server VM (24.75-b04 mixed mode linux-amd64 compressed oops)
# Derivative: IcedTea 2.5.4
# Distribution: Custom build (Fri Jan 23 11:00:44 UTC 2015)
# Failed to write core dump. Core dumps have been disabled. To enable core dumping, try "ulimit -c unlimited" before starting Java again
#

---------------  T H R E A D  ---------------

Current thread (0x00007f4cd80a5000):  JavaThread "C1 CompilerThread2" daemon [_thread_in_vm, id=2321, stack(0x00007f4cdc518000,0x00007f4cdc619000)]

Stack: [0x00007f4cdc518000,0x00007f4cdc619000],  sp=0x00007f4cdc617190,  free space=1020k
Native frames: (J=compiled Java code, j=interpreted, Vv=VM code, C=native code)
V  [libjvm.so+0x97dfb6]
V  [libjvm.so+0x48e252]
V  [libjvm.so+0x7f188b]
V  [libjvm.so+0x7ebffe]
V  [libjvm.so+0x97ae54]
V  [libjvm.so+0x58ae2d]
V  [libjvm.so+0x41d596]
V  [libjvm.so+0x7c6115]
V  [libjvm.so+0x3cb9da]
V  [libjvm.so+0x326a2d]
V  [libjvm.so+0x326d4c]
V  [libjvm.so+0x327489]
V  [libjvm.so+0x4455d5]
V  [libjvm.so+0x4467d5]
V  [libjvm.so+0x92bca8]
V  [libjvm.so+0x92bf31]
V  [libjvm.so+0x7ee7d2]


Current CompileTask:
C1: 708178 1785       1       clojure.lang.Compiler$ObjExpr::compile (1956 bytes)


---------------  P R O C E S S  ---------------

Java Threads: ( => current thread )
  0x00007f4cd80a7000 JavaThread "Service Thread" daemon [_thread_blocked, id=2322, stack(0x00007f4cdc417000,0x00007f4cdc518000)]
=>0x00007f4cd80a5000 JavaThread "C1 CompilerThread2" daemon [_thread_in_vm, id=2321, stack(0x00007f4cdc518000,0x00007f4cdc619000)]
  0x00007f4cd80a2800 JavaThread "C2 CompilerThread1" daemon [_thread_blocked, id=2320, stack(0x00007f4cdc619000,0x00007f4cdc71a000)]
  0x00007f4cd80a0800 JavaThread "C2 CompilerThread0" daemon [_thread_blocked, id=2319, stack(0x00007f4cdc71a000,0x00007f4cdc81b000)]
  0x00007f4cd809e800 JavaThread "Signal Dispatcher" daemon [_thread_blocked, id=2318, stack(0x00007f4cdc81b000,0x00007f4cdc91c000)]
  0x00007f4cd8073000 JavaThread "Finalizer" daemon [_thread_blocked, id=2317, stack(0x00007f4cdcc48000,0x00007f4cdcd49000)]
  0x00007f4cd8071000 JavaThread "Reference Handler" daemon [_thread_blocked, id=2316, stack(0x00007f4cdcd49000,0x00007f4cdce4a000)]
  0x00007f4cd800b800 JavaThread "main" [_thread_in_vm, id=2314, stack(0x00007f4ce02e4000,0x00007f4ce03e5000)]

Other Threads:
  0x00007f4cd806c800 VMThread [stack: 0x00007f4cdce4a000,0x00007f4cdcf4b000] [id=2315]
  0x00007f4cd80b2800 WatcherThread [stack: 0x00007f4cdc316000,0x00007f4cdc417000] [id=2323]

VM state:not at safepoint (normal execution)

VM Mutex/Monitor currently owned by a thread:  ([mutex/lock_event])
[0x00007f4cd80082b0] CodeCache_lock - owner thread: 0x00007f4cd80a5000
[0x00007f4cd80099b0] Compile_lock - owner thread: 0x00007f4cd80a5000
[0x00007f4cd8009ab0] MethodCompileQueue_lock - owner thread: 0x00007f4cd80a5000

Heap
 def new generation   total 4800K, used 1149K [0x00000000d6600000, 0x00000000d6b30000, 0x00000000e0ca0000)
  eden space 4288K,  20% used [0x00000000d6600000, 0x00000000d66df858, 0x00000000d6a30000)
  from space 512K,  49% used [0x00000000d6ab0000, 0x00000000d6aefbc0, 0x00000000d6b30000)
  to   space 512K,   0% used [0x00000000d6a30000, 0x00000000d6a30000, 0x00000000d6ab0000)
 tenured generation   total 10688K, used 8128K [0x00000000e0ca0000, 0x00000000e1710000, 0x00000000f5a00000)
   the space 10688K,  76% used [0x00000000e0ca0000, 0x00000000e14900c0, 0x00000000e1490200, 0x00000000e1710000)
 compacting perm gen  total 21248K, used 17275K [0x00000000f5a00000, 0x00000000f6ec0000, 0x0000000100000000)
   the space 21248K,  81% used [0x00000000f5a00000, 0x00000000f6adee28, 0x00000000f6adf000, 0x00000000f6ec0000)
No shared spaces configured.

Card table byte_map: [0x00007f4cdd26a000,0x00007f4cdd3b8000] byte_map_base: 0x00007f4cdcbb7000

Polling page: 0x00007f4ce03f7000

Code Cache  [0x00007f4cd2000000, 0x00007f4cd23c0000, 0x00007f4cd8000000)
 total_blobs=1780 nmethods=1477 adapters=237 free_code_cache=94479Kb largest_free_block=96745984

Compilation events (10 events):
Event: 454.678 Thread 0x00007f4cd80a5000 nmethod 1774 0x00007f4cd23bac90 code [0x00007f4cd23bae20, 0x00007f4cd23bb0e8]
Event: 454.752 Thread 0x00007f4cd80a5000 1775       1       sun.util.LocaleServiceProviderPool::hasProviders (18 bytes)
Event: 455.498 Thread 0x00007f4cd80a5000 nmethod 1775 0x00007f4cd23bb250 code [0x00007f4cd23bb3c0, 0x00007f4cd23bb548]
Event: 456.157 Thread 0x00007f4cd80a5000 1777       1       java.util.Locale::getDefault (84 bytes)
Event: 458.467 Thread 0x00007f4cd80a5000 nmethod 1777 0x00007f4cd23bb5d0 code [0x00007f4cd23bb760, 0x00007f4cd23bb9c8]
Event: 458.535 Thread 0x00007f4cd80a5000 1778       1       java.text.DecimalFormatSymbols::getInstance (45 bytes)
Event: 460.667 Thread 0x00007f4cd80a5000 nmethod 1778 0x00007f4cd23bbb10 code [0x00007f4cd23bbcc0, 0x00007f4cd23bc028]
Event: 461.514 Thread 0x00007f4cd80a5000 1784       1       clojure.lang.Compiler$ObjExpr::<init> (67 bytes)
Event: 463.440 Thread 0x00007f4cd80a5000 nmethod 1784 0x00007f4cd23bc210 code [0x00007f4cd23bc380, 0x00007f4cd23bc590]
Event: 465.024 Thread 0x00007f4cd80a5000 1785       1       clojure.lang.Compiler$ObjExpr::compile (1956 bytes)

GC Heap History (10 events):
Event: 215.210 GC heap before
{Heap before GC invocations=38 (full 0):
 def new generation   total 4800K, used 4799K [0x00000000d6600000, 0x00000000d6b30000, 0x00000000e0ca0000)
  eden space 4288K, 100% used [0x00000000d6600000, 0x00000000d6a30000, 0x00000000d6a30000)
  from space 512K,  99% used [0x00000000d6a30000, 0x00000000d6aaff38, 0x00000000d6ab0000)
  to   space 512K,   0% used [0x00000000d6ab0000, 0x00000000d6ab0000, 0x00000000d6b30000)
 tenured generation   total 10688K, used 7663K [0x00000000e0ca0000, 0x00000000e1710000, 0x00000000f5a00000)
   the space 10688K,  71% used [0x00000000e0ca0000, 0x00000000e141bcd8, 0x00000000e141be00, 0x00000000e1710000)
 compacting perm gen  total 21248K, used 16575K [0x00000000f5a00000, 0x00000000f6ec0000, 0x0000000100000000)
   the space 21248K,  78% used [0x00000000f5a00000, 0x00000000f6a2fc30, 0x00000000f6a2fe00, 0x00000000f6ec0000)
No shared spaces configured.
Event: 215.441 GC heap after
Heap after GC invocations=39 (full 0):
 def new generation   total 4800K, used 462K [0x00000000d6600000, 0x00000000d6b30000, 0x00000000e0ca0000)
  eden space 4288K,   0% used [0x00000000d6600000, 0x00000000d6600000, 0x00000000d6a30000)
  from space 512K,  90% used [0x00000000d6ab0000, 0x00000000d6b23928, 0x00000000d6b30000)
  to   space 512K,   0% used [0x00000000d6a30000, 0x00000000d6a30000, 0x00000000d6ab0000)
 tenured generation   total 10688K, used 7872K [0x00000000e0ca0000, 0x00000000e1710000, 0x00000000f5a00000)
   the space 10688K,  73% used [0x00000000e0ca0000, 0x00000000e1450230, 0x00000000e1450400, 0x00000000e1710000)
 compacting perm gen  total 21248K, used 16575K [0x00000000f5a00000, 0x00000000f6ec0000, 0x0000000100000000)
   the space 21248K,  78% used [0x00000000f5a00000, 0x00000000f6a2fc30, 0x00000000f6a2fe00, 0x00000000f6ec0000)
No shared spaces configured.
}
Event: 305.291 GC heap before
{Heap before GC invocations=39 (full 0):
 def new generation   total 4800K, used 4750K [0x00000000d6600000, 0x00000000d6b30000, 0x00000000e0ca0000)
  eden space 4288K, 100% used [0x00000000d6600000, 0x00000000d6a30000, 0x00000000d6a30000)
  from space 512K,  90% used [0x00000000d6ab0000, 0x00000000d6b23928, 0x00000000d6b30000)
  to   space 512K,   0% used [0x00000000d6a30000, 0x00000000d6a30000, 0x00000000d6ab0000)
 tenured generation   total 10688K, used 7872K [0x00000000e0ca0000, 0x00000000e1710000, 0x00000000f5a00000)
   the space 10688K,  73% used [0x00000000e0ca0000, 0x00000000e1450230, 0x00000000e1450400, 0x00000000e1710000)
 compacting perm gen  total 21248K, used 16940K [0x00000000f5a00000, 0x00000000f6ec0000, 0x0000000100000000)
   the space 21248K,  79% used [0x00000000f5a00000, 0x00000000f6a8b238, 0x00000000f6a8b400, 0x00000000f6ec0000)
No shared spaces configured.
Event: 305.777 GC heap after
Heap after GC invocations=40 (full 0):
 def new generation   total 4800K, used 406K [0x00000000d6600000, 0x00000000d6b30000, 0x00000000e0ca0000)
  eden space 4288K,   0% used [0x00000000d6600000, 0x00000000d6600000, 0x00000000d6a30000)
  from space 512K,  79% used [0x00000000d6a30000, 0x00000000d6a95930, 0x00000000d6ab0000)
  to   space 512K,   0% used [0x00000000d6ab0000, 0x00000000d6ab0000, 0x00000000d6b30000)
 tenured generation   total 10688K, used 7978K [0x00000000e0ca0000, 0x00000000e1710000, 0x00000000f5a00000)
   the space 10688K,  74% used [0x00000000e0ca0000, 0x00000000e146a8c0, 0x00000000e146aa00, 0x00000000e1710000)
 compacting perm gen  total 21248K, used 16940K [0x00000000f5a00000, 0x00000000f6ec0000, 0x0000000100000000)
   the space 21248K,  79% used [0x00000000f5a00000, 0x00000000f6a8b238, 0x00000000f6a8b400, 0x00000000f6ec0000)
No shared spaces configured.
}
Event: 366.547 GC heap before
{Heap before GC invocations=40 (full 0):
 def new generation   total 4800K, used 4694K [0x00000000d6600000, 0x00000000d6b30000, 0x00000000e0ca0000)
  eden space 4288K, 100% used [0x00000000d6600000, 0x00000000d6a30000, 0x00000000d6a30000)
  from space 512K,  79% used [0x00000000d6a30000, 0x00000000d6a95930, 0x00000000d6ab0000)
  to   space 512K,   0% used [0x00000000d6ab0000, 0x00000000d6ab0000, 0x00000000d6b30000)
 tenured generation   total 10688K, used 7978K [0x00000000e0ca0000, 0x00000000e1710000, 0x00000000f5a00000)
   the space 10688K,  74% used [0x00000000e0ca0000, 0x00000000e146a8c0, 0x00000000e146aa00, 0x00000000e1710000)
 compacting perm gen  total 21248K, used 17016K [0x00000000f5a00000, 0x00000000f6ec0000, 0x0000000100000000)
   the space 21248K,  80% used [0x00000000f5a00000, 0x00000000f6a9e0d0, 0x00000000f6a9e200, 0x00000000f6ec0000)
No shared spaces configured.
Event: 367.156 GC heap after
Heap after GC invocations=41 (full 0):
 def new generation   total 4800K, used 150K [0x00000000d6600000, 0x00000000d6b30000, 0x00000000e0ca0000)
  eden space 4288K,   0% used [0x00000000d6600000, 0x00000000d6600000, 0x00000000d6a30000)
  from space 512K,  29% used [0x00000000d6ab0000, 0x00000000d6ad5880, 0x00000000d6b30000)
  to   space 512K,   0% used [0x00000000d6a30000, 0x00000000d6a30000, 0x00000000d6ab0000)
 tenured generation   total 10688K, used 8128K [0x00000000e0ca0000, 0x00000000e1710000, 0x00000000f5a00000)
   the space 10688K,  76% used [0x00000000e0ca0000, 0x00000000e14900c0, 0x00000000e1490200, 0x00000000e1710000)
 compacting perm gen  total 21248K, used 17016K [0x00000000f5a00000, 0x00000000f6ec0000, 0x0000000100000000)
   the space 21248K,  80% used [0x00000000f5a00000, 0x00000000f6a9e0d0, 0x00000000f6a9e200, 0x00000000f6ec0000)
No shared spaces configured.
}
Event: 440.349 GC heap before
{Heap before GC invocations=41 (full 0):
 def new generation   total 4800K, used 4438K [0x00000000d6600000, 0x00000000d6b30000, 0x00000000e0ca0000)
  eden space 4288K, 100% used [0x00000000d6600000, 0x00000000d6a30000, 0x00000000d6a30000)
  from space 512K,  29% used [0x00000000d6ab0000, 0x00000000d6ad5880, 0x00000000d6b30000)
  to   space 512K,   0% used [0x00000000d6a30000, 0x00000000d6a30000, 0x00000000d6ab0000)
 tenured generation   total 10688K, used 8128K [0x00000000e0ca0000, 0x00000000e1710000, 0x00000000f5a00000)
   the space 10688K,  76% used [0x00000000e0ca0000, 0x00000000e14900c0, 0x00000000e1490200, 0x00000000e1710000)
 compacting perm gen  total 21248K, used 17115K [0x00000000f5a00000, 0x00000000f6ec0000, 0x0000000100000000)
   the space 21248K,  80% used [0x00000000f5a00000, 0x00000000f6ab6f30, 0x00000000f6ab7000, 0x00000000f6ec0000)
No shared spaces configured.
Event: 441.324 GC heap after
Heap after GC invocations=42 (full 0):
 def new generation   total 4800K, used 210K [0x00000000d6600000, 0x00000000d6b30000, 0x00000000e0ca0000)
  eden space 4288K,   0% used [0x00000000d6600000, 0x00000000d6600000, 0x00000000d6a30000)
  from space 512K,  41% used [0x00000000d6a30000, 0x00000000d6a649d0, 0x00000000d6ab0000)
  to   space 512K,   0% used [0x00000000d6ab0000, 0x00000000d6ab0000, 0x00000000d6b30000)
 tenured generation   total 10688K, used 8128K [0x00000000e0ca0000, 0x00000000e1710000, 0x00000000f5a00000)
   the space 10688K,  76% used [0x00000000e0ca0000, 0x00000000e14900c0, 0x00000000e1490200, 0x00000000e1710000)
 compacting perm gen  total 21248K, used 17115K [0x00000000f5a00000, 0x00000000f6ec0000, 0x0000000100000000)
   the space 21248K,  80% used [0x00000000f5a00000, 0x00000000f6ab6f30, 0x00000000f6ab7000, 0x00000000f6ec0000)
No shared spaces configured.
}
Event: 554.845 GC heap before
{Heap before GC invocations=42 (full 0):
 def new generation   total 4800K, used 4498K [0x00000000d6600000, 0x00000000d6b30000, 0x00000000e0ca0000)
  eden space 4288K, 100% used [0x00000000d6600000, 0x00000000d6a30000, 0x00000000d6a30000)
  from space 512K,  41% used [0x00000000d6a30000, 0x00000000d6a649d0, 0x00000000d6ab0000)
  to   space 512K,   0% used [0x00000000d6ab0000, 0x00000000d6ab0000, 0x00000000d6b30000)
 tenured generation   total 10688K, used 8128K [0x00000000e0ca0000, 0x00000000e1710000, 0x00000000f5a00000)
   the space 10688K,  76% used [0x00000000e0ca0000, 0x00000000e14900c0, 0x00000000e1490200, 0x00000000e1710000)
 compacting perm gen  total 21248K, used 17256K [0x00000000f5a00000, 0x00000000f6ec0000, 0x0000000100000000)
   the space 21248K,  81% used [0x00000000f5a00000, 0x00000000f6ada248, 0x00000000f6ada400, 0x00000000f6ec0000)
No shared spaces configured.
Event: 555.966 GC heap after
Heap after GC invocations=43 (full 0):
 def new generation   total 4800K, used 254K [0x00000000d6600000, 0x00000000d6b30000, 0x00000000e0ca0000)
  eden space 4288K,   0% used [0x00000000d6600000, 0x00000000d6600000, 0x00000000d6a30000)
  from space 512K,  49% used [0x00000000d6ab0000, 0x00000000d6aefbc0, 0x00000000d6b30000)
  to   space 512K,   0% used [0x00000000d6a30000, 0x00000000d6a30000, 0x00000000d6ab0000)
 tenured generation   total 10688K, used 8128K [0x00000000e0ca0000, 0x00000000e1710000, 0x00000000f5a00000)
   the space 10688K,  76% used [0x00000000e0ca0000, 0x00000000e14900c0, 0x00000000e1490200, 0x00000000e1710000)
 compacting perm gen  total 21248K, used 17256K [0x00000000f5a00000, 0x00000000f6ec0000, 0x0000000100000000)
   the space 21248K,  81% used [0x00000000f5a00000, 0x00000000f6ada248, 0x00000000f6ada400, 0x00000000f6ec0000)
No shared spaces configured.
}

Deoptimization events (0 events):
No events

Internal exceptions (10 events):
Event: 679.053 Thread 0x00007f4cd800b800 Threw 0x00000000d66d2a88 at /build/java7-openjdk/src/icedtea-2.5.4/openjdk/hotspot/src/share/vm/prims/jvm.cpp:1284
Event: 680.686 Thread 0x00007f4cd800b800 Threw 0x00000000d66d3338 at /build/java7-openjdk/src/icedtea-2.5.4/openjdk/hotspot/src/share/vm/prims/jvm.cpp:1284
Event: 683.433 Thread 0x00007f4cd800b800 Threw 0x00000000d66d3be8 at /build/java7-openjdk/src/icedtea-2.5.4/openjdk/hotspot/src/share/vm/prims/jvm.cpp:1284
Event: 685.448 Thread 0x00007f4cd800b800 Threw 0x00000000d66d4498 at /build/java7-openjdk/src/icedtea-2.5.4/openjdk/hotspot/src/share/vm/prims/jvm.cpp:1284
Event: 687.600 Thread 0x00007f4cd800b800 Threw 0x00000000d66d4d48 at /build/java7-openjdk/src/icedtea-2.5.4/openjdk/hotspot/src/share/vm/prims/jvm.cpp:1284
Event: 689.817 Thread 0x00007f4cd800b800 Threw 0x00000000d66d55f8 at /build/java7-openjdk/src/icedtea-2.5.4/openjdk/hotspot/src/share/vm/prims/jvm.cpp:1284
Event: 692.056 Thread 0x00007f4cd800b800 Threw 0x00000000d66d5ea8 at /build/java7-openjdk/src/icedtea-2.5.4/openjdk/hotspot/src/share/vm/prims/jvm.cpp:1284
Event: 695.286 Thread 0x00007f4cd800b800 Threw 0x00000000d66d6758 at /build/java7-openjdk/src/icedtea-2.5.4/openjdk/hotspot/src/share/vm/prims/jvm.cpp:1284
Event: 697.985 Thread 0x00007f4cd800b800 Threw 0x00000000d66d7008 at /build/java7-openjdk/src/icedtea-2.5.4/openjdk/hotspot/src/share/vm/prims/jvm.cpp:1284
Event: 701.795 Thread 0x00007f4cd800b800 Threw 0x00000000d66d7dd8 at /build/java7-openjdk/src/icedtea-2.5.4/openjdk/hotspot/src/share/vm/prims/jvm.cpp:1284

Events (10 events):
Event: 562.859 loading class 0x00007f4cd80587d0
Event: 562.886 loading class 0x00007f4cd80587d0 done
Event: 618.469 loading class 0x00007f4cd80587d0
Event: 618.544 loading class 0x00007f4cd80587d0 done
Event: 637.760 loading class 0x00007f4cd80587d0
Event: 637.882 loading class 0x00007f4cd80587d0 done
Event: 669.730 loading class 0x00007f4cd9090080
Event: 669.827 loading class 0x00007f4cd9090080 done
Event: 699.795 loading class 0x00007f4cd9090080
Event: 699.854 loading class 0x00007f4cd9090080 done


Dynamic libraries:
00400000-00401000 r-xp 00000000 08:01 270478                             /usr/lib/jvm/java-7-openjdk/jre/bin/java
00600000-00601000 rw-p 00000000 08:01 270478                             /usr/lib/jvm/java-7-openjdk/jre/bin/java
01eac000-01ecd000 rw-p 00000000 00:00 0                                  [heap]
d6600000-d6b30000 rw-p 00000000 00:00 0 
d6b30000-e0ca0000 rw-p 00000000 00:00 0 
e0ca0000-e1710000 rw-p 00000000 00:00 0 
e1710000-f5a00000 rw-p 00000000 00:00 0 
f5a00000-f6ec0000 rw-p 00000000 00:00 0 
f6ec0000-100000000 rw-p 00000000 00:00 0 
7f4cab63d000-7f4cab6b4000 r-xp 00000000 08:01 177649                     /usr/lib/libfreebl3.so
7f4cab6b4000-7f4cab8b3000 ---p 00077000 08:01 177649                     /usr/lib/libfreebl3.so
7f4cab8b3000-7f4cab8b5000 r--p 00076000 08:01 177649                     /usr/lib/libfreebl3.so
7f4cab8b5000-7f4cab8b6000 rw-p 00078000 08:01 177649                     /usr/lib/libfreebl3.so
7f4cab8b6000-7f4cab8ba000 rw-p 00000000 00:00 0 
7f4cab8ba000-7f4cab97c000 r-xp 00000000 08:01 142577                     /usr/lib/libsqlite3.so.0.8.6
7f4cab97c000-7f4cabb7c000 ---p 000c2000 08:01 142577                     /usr/lib/libsqlite3.so.0.8.6
7f4cabb7c000-7f4cabb7e000 r--p 000c2000 08:01 142577                     /usr/lib/libsqlite3.so.0.8.6
7f4cabb7e000-7f4cabb81000 rw-p 000c4000 08:01 142577                     /usr/lib/libsqlite3.so.0.8.6
7f4cabb81000-7f4cabbbf000 r-xp 00000000 08:01 177825                     /usr/lib/libsoftokn3.so
7f4cabbbf000-7f4cabdbf000 ---p 0003e000 08:01 177825                     /usr/lib/libsoftokn3.so
7f4cabdbf000-7f4cabdc0000 r--p 0003e000 08:01 177825                     /usr/lib/libsoftokn3.so
7f4cabdc0000-7f4cabdc1000 rw-p 0003f000 08:01 177825                     /usr/lib/libsoftokn3.so
7f4cabdc1000-7f4cabdfb000 r-xp 00000000 08:01 177642                     /usr/lib/libnspr4.so
7f4cabdfb000-7f4cabffb000 ---p 0003a000 08:01 177642                     /usr/lib/libnspr4.so
7f4cabffb000-7f4cabffc000 r--p 0003a000 08:01 177642                     /usr/lib/libnspr4.so
7f4cabffc000-7f4cabffe000 rw-p 0003b000 08:01 177642                     /usr/lib/libnspr4.so
7f4cabffe000-7f4cac000000 rw-p 00000000 00:00 0 
7f4cac000000-7f4cac021000 rw-p 00000000 00:00 0 
7f4cac021000-7f4cb0000000 ---p 00000000 00:00 0 
7f4cb0000000-7f4cb0021000 rw-p 00000000 00:00 0 
7f4cb0021000-7f4cb4000000 ---p 00000000 00:00 0 
7f4cb4000000-7f4cb4021000 rw-p 00000000 00:00 0 
7f4cb4021000-7f4cb8000000 ---p 00000000 00:00 0 
7f4cb8000000-7f4cb8468000 rw-p 00000000 00:00 0 
7f4cb8468000-7f4cbc000000 ---p 00000000 00:00 0 
7f4cbc000000-7f4cbc021000 rw-p 00000000 00:00 0 
7f4cbc021000-7f4cc0000000 ---p 00000000 00:00 0 
7f4cc0000000-7f4cc0021000 rw-p 00000000 00:00 0 
7f4cc0021000-7f4cc4000000 ---p 00000000 00:00 0 
7f4cc4000000-7f4cc4021000 rw-p 00000000 00:00 0 
7f4cc4021000-7f4cc8000000 ---p 00000000 00:00 0 
7f4cc8000000-7f4cc8021000 rw-p 00000000 00:00 0 
7f4cc8021000-7f4ccc000000 ---p 00000000 00:00 0 
7f4ccc000000-7f4ccc042000 rw-p 00000000 00:00 0 
7f4ccc042000-7f4cd0000000 ---p 00000000 00:00 0 
7f4cd0113000-7f4cd0116000 r-xp 00000000 08:01 177643                     /usr/lib/libplds4.so
7f4cd0116000-7f4cd0315000 ---p 00003000 08:01 177643                     /usr/lib/libplds4.so
7f4cd0315000-7f4cd0316000 r--p 00002000 08:01 177643                     /usr/lib/libplds4.so
7f4cd0316000-7f4cd0317000 rw-p 00003000 08:01 177643                     /usr/lib/libplds4.so
7f4cd0317000-7f4cd031b000 r-xp 00000000 08:01 177644                     /usr/lib/libplc4.so
7f4cd031b000-7f4cd051a000 ---p 00004000 08:01 177644                     /usr/lib/libplc4.so
7f4cd051a000-7f4cd051b000 r--p 00003000 08:01 177644                     /usr/lib/libplc4.so
7f4cd051b000-7f4cd051c000 rw-p 00004000 08:01 177644                     /usr/lib/libplc4.so
7f4cd051c000-7f4cd0542000 r-xp 00000000 08:01 177764                     /usr/lib/libnssutil3.so
7f4cd0542000-7f4cd0741000 ---p 00026000 08:01 177764                     /usr/lib/libnssutil3.so
7f4cd0741000-7f4cd0747000 r--p 00025000 08:01 177764                     /usr/lib/libnssutil3.so
7f4cd0747000-7f4cd0748000 rw-p 0002b000 08:01 177764                     /usr/lib/libnssutil3.so
7f4cd0748000-7f4cd0867000 r-xp 00000000 08:01 177650                     /usr/lib/libnss3.so
7f4cd0867000-7f4cd0a66000 ---p 0011f000 08:01 177650                     /usr/lib/libnss3.so
7f4cd0a66000-7f4cd0a6b000 r--p 0011e000 08:01 177650                     /usr/lib/libnss3.so
7f4cd0a6b000-7f4cd0a6d000 rw-p 00123000 08:01 177650                     /usr/lib/libnss3.so
7f4cd0a6d000-7f4cd0a6f000 rw-p 00000000 00:00 0 
7f4cd0a6f000-7f4cd0a7f000 r-xp 00000000 08:01 270455                     /usr/lib/jvm/java-7-openjdk/jre/lib/amd64/libj2pkcs11.so
7f4cd0a7f000-7f4cd0c7e000 ---p 00010000 08:01 270455                     /usr/lib/jvm/java-7-openjdk/jre/lib/amd64/libj2pkcs11.so
7f4cd0c7e000-7f4cd0c7f000 rw-p 0000f000 08:01 270455                     /usr/lib/jvm/java-7-openjdk/jre/lib/amd64/libj2pkcs11.so
7f4cd0c7f000-7f4cd0c93000 r-xp 00000000 08:01 132702                     /usr/lib/libresolv-2.20.so
7f4cd0c93000-7f4cd0e92000 ---p 00014000 08:01 132702                     /usr/lib/libresolv-2.20.so
7f4cd0e92000-7f4cd0e94000 r--p 00013000 08:01 132702                     /usr/lib/libresolv-2.20.so
7f4cd0e94000-7f4cd0e95000 rw-p 00015000 08:01 132702                     /usr/lib/libresolv-2.20.so
7f4cd0e95000-7f4cd0e97000 rw-p 00000000 00:00 0 
7f4cd0e97000-7f4cd0f05000 r-xp 00000000 08:01 137518                     /usr/lib/libpcre.so.1.2.4
7f4cd0f05000-7f4cd1104000 ---p 0006e000 08:01 137518                     /usr/lib/libpcre.so.1.2.4
7f4cd1104000-7f4cd1105000 r--p 0006d000 08:01 137518                     /usr/lib/libpcre.so.1.2.4
7f4cd1105000-7f4cd1106000 rw-p 0006e000 08:01 137518                     /usr/lib/libpcre.so.1.2.4
7f4cd1106000-7f4cd1109000 r-xp 00000000 08:01 138170                     /usr/lib/libgmodule-2.0.so.0.4200.1
7f4cd1109000-7f4cd1308000 ---p 00003000 08:01 138170                     /usr/lib/libgmodule-2.0.so.0.4200.1
7f4cd1308000-7f4cd1309000 r--p 00002000 08:01 138170                     /usr/lib/libgmodule-2.0.so.0.4200.1
7f4cd1309000-7f4cd130a000 rw-p 00003000 08:01 138170                     /usr/lib/libgmodule-2.0.so.0.4200.1
7f4cd130a000-7f4cd1312000 r-xp 00000000 08:01 137716                     /usr/lib/libffi.so.6.0.4
7f4cd1312000-7f4cd1511000 ---p 00008000 08:01 137716                     /usr/lib/libffi.so.6.0.4
7f4cd1511000-7f4cd1512000 r--p 00007000 08:01 137716                     /usr/lib/libffi.so.6.0.4
7f4cd1512000-7f4cd1513000 rw-p 00008000 08:01 137716                     /usr/lib/libffi.so.6.0.4
7f4cd1513000-7f4cd161f000 r-xp 00000000 08:01 138169                     /usr/lib/libglib-2.0.so.0.4200.1
7f4cd161f000-7f4cd181e000 ---p 0010c000 08:01 138169                     /usr/lib/libglib-2.0.so.0.4200.1
7f4cd181e000-7f4cd181f000 r--p 0010b000 08:01 138169                     /usr/lib/libglib-2.0.so.0.4200.1
7f4cd181f000-7f4cd1820000 rw-p 0010c000 08:01 138169                     /usr/lib/libglib-2.0.so.0.4200.1
7f4cd1820000-7f4cd1821000 rw-p 00000000 00:00 0 
7f4cd1821000-7f4cd1871000 r-xp 00000000 08:01 138173                     /usr/lib/libgobject-2.0.so.0.4200.1
7f4cd1871000-7f4cd1a70000 ---p 00050000 08:01 138173                     /usr/lib/libgobject-2.0.so.0.4200.1
7f4cd1a70000-7f4cd1a71000 r--p 0004f000 08:01 138173                     /usr/lib/libgobject-2.0.so.0.4200.1
7f4cd1a71000-7f4cd1a72000 rw-p 00050000 08:01 138173                     /usr/lib/libgobject-2.0.so.0.4200.1
7f4cd1a72000-7f4cd1be1000 r-xp 00000000 08:01 138174                     /usr/lib/libgio-2.0.so.0.4200.1
7f4cd1be1000-7f4cd1de1000 ---p 0016f000 08:01 138174                     /usr/lib/libgio-2.0.so.0.4200.1
7f4cd1de1000-7f4cd1de5000 r--p 0016f000 08:01 138174                     /usr/lib/libgio-2.0.so.0.4200.1
7f4cd1de5000-7f4cd1de7000 rw-p 00173000 08:01 138174                     /usr/lib/libgio-2.0.so.0.4200.1
7f4cd1de7000-7f4cd1de9000 rw-p 00000000 00:00 0 
7f4cd1de9000-7f4cd1e00000 r-xp 00000000 08:01 270446                     /usr/lib/jvm/java-7-openjdk/jre/lib/amd64/libnet.so
7f4cd1e00000-7f4cd1fff000 ---p 00017000 08:01 270446                     /usr/lib/jvm/java-7-openjdk/jre/lib/amd64/libnet.so
7f4cd1fff000-7f4cd2000000 rw-p 00016000 08:01 270446                     /usr/lib/jvm/java-7-openjdk/jre/lib/amd64/libnet.so
7f4cd2000000-7f4cd23c0000 rwxp 00000000 00:00 0 
7f4cd23d0000-7f4cd91a1000 rw-p 00000000 00:00 0 
7f4cd91a1000-7f4cdc000000 ---p 00000000 00:00 0 
7f4cdc042000-7f4cdc043000 rw-p 00000000 00:00 0 
7f4cdc043000-7f4cdc047000 r--s 00034000 08:01 270434                     /usr/lib/jvm/java-7-openjdk/jre/lib/ext/sunjce_provider.jar
7f4cdc047000-7f4cdc04b000 r--s 0003c000 08:01 270431                     /usr/lib/jvm/java-7-openjdk/jre/lib/ext/sunpkcs11.jar
7f4cdc04b000-7f4cdc04e000 r--s 00017000 08:01 269959                     /usr/lib/jvm/java-7-openjdk/jre/lib/jce.jar
7f4cdc04e000-7f4cdc052000 r--s 0004d000 08:01 269966                     /usr/lib/jvm/java-7-openjdk/jre/lib/jsse.jar
7f4cdc052000-7f4cdc053000 r--s 00003000 08:02 7688                       /home/vagrant/.m2/repository/org/sonatype/aether/aether-spi/1.13.1/aether-spi-1.13.1.jar
7f4cdc053000-7f4cdc054000 r--s 00005000 08:02 7689                       /home/vagrant/.m2/repository/org/sonatype/aether/aether-connector-file/1.13.1/aether-connector-file-1.13.1.jar
7f4cdc054000-7f4cdc055000 r--s 00007000 08:02 7133                       /home/vagrant/.m2/repository/org/clojure/tools.reader/0.8.13/tools.reader-0.8.13.jar
7f4cdc055000-7f4cdc056000 r--s 00001000 08:02 7364                       /home/vagrant/.m2/repository/org/clojure/tools.macro/0.1.1/tools.macro-0.1.1.jar
7f4cdc056000-7f4cdc066000 r-xp 00000000 08:01 270447                     /usr/lib/jvm/java-7-openjdk/jre/lib/amd64/libnio.so
7f4cdc066000-7f4cdc266000 ---p 00010000 08:01 270447                     /usr/lib/jvm/java-7-openjdk/jre/lib/amd64/libnio.so
7f4cdc266000-7f4cdc267000 rw-p 00010000 08:01 270447                     /usr/lib/jvm/java-7-openjdk/jre/lib/amd64/libnio.so
7f4cdc267000-7f4cdc2a6000 r--s 0032d000 08:02 7087                       /home/vagrant/.m2/repository/org/clojure/clojure/1.5.1/clojure-1.5.1.jar
7f4cdc2a6000-7f4cdc2a9000 r--s 00013000 08:02 7684                       /home/vagrant/.m2/repository/org/sonatype/aether/aether-api/1.13.1/aether-api-1.13.1.jar
7f4cdc2a9000-7f4cdc2ab000 r--s 00000000 08:02 7088                       /home/vagrant/.m2/repository/org/clojure/core.unify/0.5.2/core.unify-0.5.2.jar
7f4cdc2ab000-7f4cdc2ac000 r--s 00002000 08:02 7099                       /home/vagrant/.m2/repository/ordered/ordered/1.2.0/ordered-1.2.0.jar
7f4cdc2ac000-7f4cdc2ad000 r--s 00002000 08:02 7683                       /home/vagrant/.m2/repository/com/cemerick/pomegranate/0.0.13/pomegranate-0.0.13.jar
7f4cdc2ad000-7f4cdc2ae000 r--s 00001000 08:02 7680                       /home/vagrant/.m2/repository/org/clojure/algo.monads/0.1.0/algo.monads-0.1.0.jar
7f4cdc2ae000-7f4cdc2af000 r--s 00001000 08:02 6877                       /home/vagrant/.m2/repository/org/clojure/tools.trace/0.7.8/tools.trace-0.7.8.jar
7f4cdc2af000-7f4cdc2b1000 r--s 00008000 08:02 6975                       /home/vagrant/.m2/repository/org/clojure/tools.nrepl/0.2.6/tools.nrepl-0.2.6.jar
7f4cdc2b1000-7f4cdc2b2000 r--s 00008000 08:02 7332                       /home/vagrant/.m2/repository/rewrite-clj/rewrite-clj/0.4.12/rewrite-clj-0.4.12.jar
7f4cdc2b2000-7f4cdc2b4000 r--s 00001000 08:02 7470                       /home/vagrant/.m2/repository/cljs-tooling/cljs-tooling/0.1.5-SNAPSHOT/cljs-tooling-0.1.5-SNAPSHOT.jar
7f4cdc2b4000-7f4cdc2b5000 r--s 00005000 08:02 7735                       /home/vagrant/.m2/repository/leiningen-core/leiningen-core/2.0.0-preview10/leiningen-core-2.0.0-preview10.jar
7f4cdc2b5000-7f4cdc2b7000 r--s 00026000 08:02 7708                       /home/vagrant/.m2/repository/org/apache/maven/maven-model/3.0.4/maven-model-3.0.4.jar
7f4cdc2b7000-7f4cdc2b8000 r--s 00001000 08:02 7330                       /home/vagrant/.m2/repository/cljfmt/cljfmt/0.1.10/cljfmt-0.1.10.jar
7f4cdc2b8000-7f4cdc2b9000 r--s 00001000 08:02 6928                       /home/vagrant/.m2/repository/defprecated/defprecated/0.1.1/defprecated-0.1.1.jar
7f4cdc2b9000-7f4cdc2ba000 r--s 00000000 08:02 6939                       /home/vagrant/.m2/repository/colorize/colorize/0.1.1/colorize-0.1.1.jar
7f4cdc2ba000-7f4cdc2be000 r--s 00033000 08:02 7695                       /home/vagrant/.m2/repository/org/codehaus/plexus/plexus-utils/2.0.7/plexus-utils-2.0.7.jar
7f4cdc2be000-7f4cdc2bf000 r--s 00004000 08:02 7917                       /home/vagrant/.m2/repository/org/clojure/tools.namespace/0.2.10/tools.namespace-0.2.10.jar
7f4cdc2bf000-7f4cdc2c0000 r--s 00003000 08:02 7919                       /home/vagrant/.m2/repository/debugger/debugger/0.1.6/debugger-0.1.6.jar
7f4cdc2c0000-7f4cdc2c3000 r--s 00024000 08:02 7724                       /home/vagrant/.m2/repository/commons-io/commons-io/2.0.1/commons-io-2.0.1.jar
7f4cdc2c3000-7f4cdc2c5000 r--s 0000d000 08:02 6885                       /home/vagrant/.m2/repository/commons-logging/commons-logging/1.1.1/commons-logging-1.1.1.jar
7f4cdc2c5000-7f4cdc2c6000 r--s 00000000 08:02 7733                       /home/vagrant/.m2/repository/bultitude/bultitude/0.1.7/bultitude-0.1.7.jar
7f4cdc2c6000-7f4cdc2c8000 r--s 00018000 08:02 7734                       /home/vagrant/.m2/repository/midje/midje/1.5.0/midje-1.5.0.jar
7f4cdc2c8000-7f4cdc2ca000 r--s 0000d000 08:02 7709                       /home/vagrant/.m2/repository/org/codehaus/plexus/plexus-interpolation/1.14/plexus-interpolation-1.14.jar
7f4cdc2ca000-7f4cdc2cc000 r--s 00006000 08:02 7721                       /home/vagrant/.m2/repository/org/apache/maven/wagon/wagon-http-shared4/2.2/wagon-http-shared4-2.2.jar
7f4cdc2cc000-7f4cdc2d2000 r--s 0002c000 08:02 7699                       /home/vagrant/.m2/repository/org/sonatype/sisu/sisu-inject-plexus/2.2.3/sisu-inject-plexus-2.2.3.jar
7f4cdc2d2000-7f4cdc2d4000 r--s 00006000 08:02 7692                       /home/vagrant/.m2/repository/org/sonatype/aether/aether-connector-wagon/1.13.1/aether-connector-wagon-1.13.1.jar
7f4cdc2d4000-7f4cdc2d6000 r--s 0000c000 08:02 7703                       /home/vagrant/.m2/repository/org/apache/maven/maven-aether-provider/3.0.4/maven-aether-provider-3.0.4.jar
7f4cdc2d6000-7f4cdc2d7000 r--s 00000000 08:02 6873                       /home/vagrant/.m2/repository/org/clojure/java.classpath/0.2.0/java.classpath-0.2.0.jar
7f4cdc2d7000-7f4cdc2db000 r--s 0001c000 08:02 7686                       /home/vagrant/.m2/repository/org/sonatype/aether/aether-util/1.13.1/aether-util-1.13.1.jar
7f4cdc2db000-7f4cdc2e1000 r--s 0003a000 08:02 7701                       /home/vagrant/.m2/repository/org/sonatype/sisu/sisu-inject-bean/2.2.3/sisu-inject-bean-2.2.3.jar
7f4cdc2e1000-7f4cdc2f0000 r--s 0007c000 08:02 7090                       /home/vagrant/.m2/repository/joda-time/joda-time/2.0/joda-time-2.0.jar
7f4cdc2f0000-7f4cdc2f1000 r--s 00000000 08:02 7679                       /home/vagrant/.m2/repository/org/clojure/core.incubator/0.1.0/core.incubator-0.1.0.jar
7f4cdc2f1000-7f4cdc2f3000 r--s 00001000 08:02 6912                       /home/vagrant/.m2/repository/slingshot/slingshot/0.10.3/slingshot-0.10.3.jar
7f4cdc2f3000-7f4cdc2f5000 r--s 00005000 08:02 7103                       /home/vagrant/.m2/repository/utilize/utilize/0.2.3/utilize-0.2.3.jar
7f4cdc2f5000-7f4cdc2f6000 r--s 00001000 08:02 7743                       /home/vagrant/.m2/repository/classlojure/classlojure/0.6.6/classlojure-0.6.6.jar
7f4cdc2f6000-7f4cdc2f8000 r--s 0000a000 08:02 7694                       /home/vagrant/.m2/repository/org/codehaus/plexus/plexus-classworlds/2.4/plexus-classworlds-2.4.jar
7f4cdc2f8000-7f4cdc303000 r--s 0006d000 08:02 7702                       /home/vagrant/.m2/repository/org/sonatype/sisu/sisu-guice/3.0.3/sisu-guice-3.0.3-no_aop.jar
7f4cdc303000-7f4cdc304000 r--s 00001000 08:02 7739                       /home/vagrant/.m2/repository/gui-diff/gui-diff/0.3.9/gui-diff-0.3.9.jar
7f4cdc304000-7f4cdc306000 r--s 00008000 08:02 7744                       /home/vagrant/.m2/repository/useful/useful/0.8.3-alpha8/useful-0.8.3-alpha8.jar
7f4cdc306000-7f4cdc30e000 r--s 0004e000 08:02 7725                       /home/vagrant/.m2/repository/org/apache/httpcomponents/httpclient/4.1.2/httpclient-4.1.2.jar
7f4cdc30e000-7f4cdc310000 r--s 0000b000 08:02 6954                       /home/vagrant/.m2/repository/cider/cider-nrepl/0.9.0-SNAPSHOT/cider-nrepl-0.9.0-SNAPSHOT.jar
7f4cdc310000-7f4cdc315000 r--s 00040000 08:02 7722                       /home/vagrant/.m2/repository/org/jsoup/jsoup/1.6.1/jsoup-1.6.1.jar
7f4cdc315000-7f4cdc316000 r--s 00000000 08:02 6979                       /home/vagrant/.m2/repository/clojure-complete/clojure-complete/0.2.3/clojure-complete-0.2.3.jar
7f4cdc316000-7f4cdc317000 ---p 00000000 00:00 0 
7f4cdc317000-7f4cdc417000 rw-p 00000000 00:00 0                          [stack:2323]
7f4cdc417000-7f4cdc41a000 ---p 00000000 00:00 0 
7f4cdc41a000-7f4cdc518000 rw-p 00000000 00:00 0                          [stack:2322]
7f4cdc518000-7f4cdc51b000 ---p 00000000 00:00 0 
7f4cdc51b000-7f4cdc619000 rw-p 00000000 00:00 0                          [stack:2321]
7f4cdc619000-7f4cdc61c000 ---p 00000000 00:00 0 
7f4cdc61c000-7f4cdc71a000 rw-p 00000000 00:00 0                          [stack:2320]
7f4cdc71a000-7f4cdc71d000 ---p 00000000 00:00 0 
7f4cdc71d000-7f4cdc81b000 rw-p 00000000 00:00 0                          [stack:2319]
7f4cdc81b000-7f4cdc81e000 ---p 00000000 00:00 0 
7f4cdc81e000-7f4cdc91c000 rw-p 00000000 00:00 0                          [stack:2318]
7f4cdc91c000-7f4cdcc48000 r--p 00000000 08:01 176808                     /usr/lib/locale/locale-archive
7f4cdcc48000-7f4cdcc4b000 ---p 00000000 00:00 0 
7f4cdcc4b000-7f4cdcd49000 rw-p 00000000 00:00 0                          [stack:2317]
7f4cdcd49000-7f4cdcd4c000 ---p 00000000 00:00 0 
7f4cdcd4c000-7f4cdce4a000 rw-p 00000000 00:00 0                          [stack:2316]
7f4cdce4a000-7f4cdce4b000 ---p 00000000 00:00 0 
7f4cdce4b000-7f4cdcf94000 rw-p 00000000 00:00 0                          [stack:2315]
7f4cdcf94000-7f4cdd145000 r--s 01d23000 08:01 269964                     /usr/lib/jvm/java-7-openjdk/jre/lib/rt.jar
7f4cdd145000-7f4cdd221000 rw-p 00000000 00:00 0 
7f4cdd221000-7f4cdd26a000 rw-p 00000000 00:00 0 
7f4cdd26a000-7f4cdd26d000 rw-p 00000000 00:00 0 
7f4cdd26d000-7f4cdd2bd000 rw-p 00000000 00:00 0 
7f4cdd2bd000-7f4cdd2c3000 rw-p 00000000 00:00 0 
7f4cdd2c3000-7f4cdd364000 rw-p 00000000 00:00 0 
7f4cdd364000-7f4cdd36f000 rw-p 00000000 00:00 0 
7f4cdd36f000-7f4cdd3b7000 rw-p 00000000 00:00 0 
7f4cdd3b7000-7f4cdd3c7000 rw-p 00000000 00:00 0 
7f4cdd3c7000-7f4cdd538000 rw-p 00000000 00:00 0 
7f4cdd538000-7f4cdd540000 r-xp 00000000 08:01 270445                     /usr/lib/jvm/java-7-openjdk/jre/lib/amd64/libzip.so
7f4cdd540000-7f4cdd73f000 ---p 00008000 08:01 270445                     /usr/lib/jvm/java-7-openjdk/jre/lib/amd64/libzip.so
7f4cdd73f000-7f4cdd740000 rw-p 00007000 08:01 270445                     /usr/lib/jvm/java-7-openjdk/jre/lib/amd64/libzip.so
7f4cdd740000-7f4cdd74b000 r-xp 00000000 08:01 132704                     /usr/lib/libnss_files-2.20.so
7f4cdd74b000-7f4cdd94b000 ---p 0000b000 08:01 132704                     /usr/lib/libnss_files-2.20.so
7f4cdd94b000-7f4cdd94c000 r--p 0000b000 08:01 132704                     /usr/lib/libnss_files-2.20.so
7f4cdd94c000-7f4cdd94d000 rw-p 0000c000 08:01 132704                     /usr/lib/libnss_files-2.20.so
7f4cdd94d000-7f4cdd979000 r-xp 00000000 08:01 270444                     /usr/lib/jvm/java-7-openjdk/jre/lib/amd64/libjava.so
7f4cdd979000-7f4cddb78000 ---p 0002c000 08:01 270444                     /usr/lib/jvm/java-7-openjdk/jre/lib/amd64/libjava.so
7f4cddb78000-7f4cddb7a000 rw-p 0002b000 08:01 270444                     /usr/lib/jvm/java-7-openjdk/jre/lib/amd64/libjava.so
7f4cddb7a000-7f4cddb87000 r-xp 00000000 08:01 270443                     /usr/lib/jvm/java-7-openjdk/jre/lib/amd64/libverify.so
7f4cddb87000-7f4cddd86000 ---p 0000d000 08:01 270443                     /usr/lib/jvm/java-7-openjdk/jre/lib/amd64/libverify.so
7f4cddd86000-7f4cddd88000 rw-p 0000c000 08:01 270443                     /usr/lib/jvm/java-7-openjdk/jre/lib/amd64/libverify.so
7f4cddd88000-7f4cddd8f000 r-xp 00000000 08:01 132760                     /usr/lib/librt-2.20.so
7f4cddd8f000-7f4cddf8e000 ---p 00007000 08:01 132760                     /usr/lib/librt-2.20.so
7f4cddf8e000-7f4cddf8f000 r--p 00006000 08:01 132760                     /usr/lib/librt-2.20.so
7f4cddf8f000-7f4cddf90000 rw-p 00007000 08:01 132760                     /usr/lib/librt-2.20.so
7f4cddf90000-7f4cddfa6000 r-xp 00000000 08:01 135609                     /usr/lib/libgcc_s.so.1
7f4cddfa6000-7f4cde1a5000 ---p 00016000 08:01 135609                     /usr/lib/libgcc_s.so.1
7f4cde1a5000-7f4cde1a6000 rw-p 00015000 08:01 135609                     /usr/lib/libgcc_s.so.1
7f4cde1a6000-7f4cde2a9000 r-xp 00000000 08:01 132746                     /usr/lib/libm-2.20.so
7f4cde2a9000-7f4cde4a9000 ---p 00103000 08:01 132746                     /usr/lib/libm-2.20.so
7f4cde4a9000-7f4cde4aa000 r--p 00103000 08:01 132746                     /usr/lib/libm-2.20.so
7f4cde4aa000-7f4cde4ab000 rw-p 00104000 08:01 132746                     /usr/lib/libm-2.20.so
7f4cde4ab000-7f4cde59b000 r-xp 00000000 08:01 135613                     /usr/lib/libstdc++.so.6.0.20
7f4cde59b000-7f4cde79b000 ---p 000f0000 08:01 135613                     /usr/lib/libstdc++.so.6.0.20
7f4cde79b000-7f4cde7a3000 r--p 000f0000 08:01 135613                     /usr/lib/libstdc++.so.6.0.20
7f4cde7a3000-7f4cde7a5000 rw-p 000f8000 08:01 135613                     /usr/lib/libstdc++.so.6.0.20
7f4cde7a5000-7f4cde7ba000 rw-p 00000000 00:00 0 
7f4cde7ba000-7f4cdf304000 r-xp 00000000 08:01 270477                     /usr/lib/jvm/java-7-openjdk/jre/lib/amd64/server/libjvm.so
7f4cdf304000-7f4cdf504000 ---p 00b4a000 08:01 270477                     /usr/lib/jvm/java-7-openjdk/jre/lib/amd64/server/libjvm.so
7f4cdf504000-7f4cdf5c6000 rw-p 00b4a000 08:01 270477                     /usr/lib/jvm/java-7-openjdk/jre/lib/amd64/server/libjvm.so
7f4cdf5c6000-7f4cdf5f2000 rw-p 00000000 00:00 0 
7f4cdf5f2000-7f4cdf607000 r-xp 00000000 08:01 135653                     /usr/lib/libz.so.1.2.8
7f4cdf607000-7f4cdf806000 ---p 00015000 08:01 135653                     /usr/lib/libz.so.1.2.8
7f4cdf806000-7f4cdf807000 r--p 00014000 08:01 135653                     /usr/lib/libz.so.1.2.8
7f4cdf807000-7f4cdf808000 rw-p 00015000 08:01 135653                     /usr/lib/libz.so.1.2.8
7f4cdf808000-7f4cdf9a1000 r-xp 00000000 08:01 132747                     /usr/lib/libc-2.20.so
7f4cdf9a1000-7f4cdfba1000 ---p 00199000 08:01 132747                     /usr/lib/libc-2.20.so
7f4cdfba1000-7f4cdfba5000 r--p 00199000 08:01 132747                     /usr/lib/libc-2.20.so
7f4cdfba5000-7f4cdfba7000 rw-p 0019d000 08:01 132747                     /usr/lib/libc-2.20.so
7f4cdfba7000-7f4cdfbab000 rw-p 00000000 00:00 0 
7f4cdfbab000-7f4cdfbae000 r-xp 00000000 08:01 132699                     /usr/lib/libdl-2.20.so
7f4cdfbae000-7f4cdfdad000 ---p 00003000 08:01 132699                     /usr/lib/libdl-2.20.so
7f4cdfdad000-7f4cdfdae000 r--p 00002000 08:01 132699                     /usr/lib/libdl-2.20.so
7f4cdfdae000-7f4cdfdaf000 rw-p 00003000 08:01 132699                     /usr/lib/libdl-2.20.so
7f4cdfdaf000-7f4cdfdbc000 r-xp 00000000 08:01 270473                     /usr/lib/jvm/java-7-openjdk/jre/lib/amd64/jli/libjli.so
7f4cdfdbc000-7f4cdffbb000 ---p 0000d000 08:01 270473                     /usr/lib/jvm/java-7-openjdk/jre/lib/amd64/jli/libjli.so
7f4cdffbb000-7f4cdffbc000 rw-p 0000c000 08:01 270473                     /usr/lib/jvm/java-7-openjdk/jre/lib/amd64/jli/libjli.so
7f4cdffbc000-7f4cdffd3000 r-xp 00000000 08:01 132714                     /usr/lib/libpthread-2.20.so
7f4cdffd3000-7f4ce01d2000 ---p 00017000 08:01 132714                     /usr/lib/libpthread-2.20.so
7f4ce01d2000-7f4ce01d3000 r--p 00016000 08:01 132714                     /usr/lib/libpthread-2.20.so
7f4ce01d3000-7f4ce01d4000 rw-p 00017000 08:01 132714                     /usr/lib/libpthread-2.20.so
7f4ce01d4000-7f4ce01d8000 rw-p 00000000 00:00 0 
7f4ce01d8000-7f4ce01fa000 r-xp 00000000 08:01 132706                     /usr/lib/ld-2.20.so
7f4ce01fa000-7f4ce01ff000 r--s 00028000 08:02 7728                       /home/vagrant/.m2/repository/org/apache/httpcomponents/httpcore/4.1.2/httpcore-4.1.2.jar
7f4ce01ff000-7f4ce0201000 r--s 00000000 08:02 7715                       /home/vagrant/.m2/repository/org/codehaus/plexus/plexus-component-annotations/1.5.5/plexus-component-annotations-1.5.5.jar
7f4ce0201000-7f4ce0203000 r--s 00000000 08:02 7362                       /home/vagrant/.m2/repository/org/clojure/math.combinatorics/0.0.1/math.combinatorics-0.0.1.jar
7f4ce0203000-7f4ce0206000 r--s 0001d000 08:02 7687                       /home/vagrant/.m2/repository/org/sonatype/aether/aether-impl/1.13.1/aether-impl-1.13.1.jar
7f4ce0206000-7f4ce0207000 r--s 00000000 08:02 7738                       /home/vagrant/.m2/repository/robert/hooke/1.1.2/hooke-1.1.2.jar
7f4ce0207000-7f4ce020d000 r--s 00033000 08:02 7365                       /home/vagrant/.m2/repository/commons-codec/commons-codec/1.6/commons-codec-1.6.jar
7f4ce020d000-7f4ce020e000 r--s 00005000 08:02 6955                       /home/vagrant/.m2/repository/compliment/compliment/0.2.1-SNAPSHOT/compliment-0.2.1-SNAPSHOT.jar
7f4ce020e000-7f4ce0210000 r--s 00000000 08:02 6872                       /home/vagrant/.m2/repository/org/tcrawley/dynapath/0.2.3/dynapath-0.2.3.jar
7f4ce0210000-7f4ce0211000 r--s 00000000 08:02 7368                       /home/vagrant/.m2/repository/swiss-arrows/swiss-arrows/0.1.0/swiss-arrows-0.1.0.jar
7f4ce0211000-7f4ce0213000 r--s 0000b000 08:02 7720                       /home/vagrant/.m2/repository/org/apache/maven/wagon/wagon-provider-api/2.2/wagon-provider-api-2.2.jar
7f4ce0213000-7f4ce0215000 r--s 00006000 08:02 7711                       /home/vagrant/.m2/repository/org/apache/maven/maven-repository-metadata/3.0.4/maven-repository-metadata-3.0.4.jar
7f4ce0215000-7f4ce0243000 rw-p 00000000 00:00 0 
7f4ce0243000-7f4ce02e4000 rw-p 00000000 00:00 0 
7f4ce02e4000-7f4ce02e7000 ---p 00000000 00:00 0 
7f4ce02e7000-7f4ce03e9000 rw-p 00000000 00:00 0                          [stack:2314]
7f4ce03e9000-7f4ce03ea000 r--s 00002000 08:02 7718                       /home/vagrant/.m2/repository/org/apache/maven/wagon/wagon-http/2.2/wagon-http-2.2.jar
7f4ce03ea000-7f4ce03ee000 r--s 00021000 08:02 7710                       /home/vagrant/.m2/repository/org/apache/maven/maven-model-builder/3.0.4/maven-model-builder-3.0.4.jar
7f4ce03ee000-7f4ce03f6000 rw-s 00000000 00:1d 20651                      /tmp/hsperfdata_vagrant/2308
7f4ce03f6000-7f4ce03f7000 rw-p 00000000 00:00 0 
7f4ce03f7000-7f4ce03f8000 r--p 00000000 00:00 0 
7f4ce03f8000-7f4ce03f9000 rw-p 00000000 00:00 0 
7f4ce03f9000-7f4ce03fa000 r--p 00021000 08:01 132706                     /usr/lib/ld-2.20.so
7f4ce03fa000-7f4ce03fb000 rw-p 00022000 08:01 132706                     /usr/lib/ld-2.20.so
7f4ce03fb000-7f4ce03fc000 rw-p 00000000 00:00 0 
7ffff9b1f000-7ffff9b41000 rw-p 00000000 00:00 0                          [stack]
7ffff9bab000-7ffff9bad000 r--p 00000000 00:00 0                          [vvar]
7ffff9bad000-7ffff9baf000 r-xp 00000000 00:00 0                          [vdso]
ffffffffff600000-ffffffffff601000 r-xp 00000000 00:00 0                  [vsyscall]

VM Arguments:
jvm_args: -Dfile.encoding=UTF-8 -XX:+TieredCompilation -XX:TieredStopAtLevel=1 -XX:-OmitStackTraceInFastThrow -Dclojure.compile.path=/home/vagrant/cs331/bst/target/classes -Dbst.version=0.1.0-SNAPSHOT -Dclojure.debug=false 
java_command: clojure.main -i /tmp/form-init4202789311242805743.clj
Launcher Type: SUN_STANDARD

Environment Variables:
CLASSPATH=/home/vagrant/.lein/self-installs/leiningen-2.5.1-standalone.jar
PATH=/home/vagrant/bin:/usr/local/sbin:/usr/local/bin:/usr/bin:/usr/lib/jvm/default/bin:/usr/bin/site_perl:/usr/bin/vendor_perl:/usr/bin/core_perl
SHELL=/bin/bash

Signal Handlers:
SIGSEGV: [libjvm.so+0x97eaa0], sa_mask[0]=0x7ffbfeff, sa_flags=0x10000004
SIGBUS: [libjvm.so+0x97eaa0], sa_mask[0]=0x7ffbfeff, sa_flags=0x10000004
SIGFPE: [libjvm.so+0x7ece30], sa_mask[0]=0x7ffbfeff, sa_flags=0x10000004
SIGPIPE: SIG_IGN, sa_mask[0]=0x00000000, sa_flags=0x00000000
SIGXFSZ: [libjvm.so+0x7ece30], sa_mask[0]=0x7ffbfeff, sa_flags=0x10000004
SIGILL: [libjvm.so+0x7ece30], sa_mask[0]=0x7ffbfeff, sa_flags=0x10000004
SIGUSR1: SIG_DFL, sa_mask[0]=0x00000000, sa_flags=0x00000000
SIGUSR2: [libjvm.so+0x7eccb0], sa_mask[0]=0x00000004, sa_flags=0x10000004
SIGHUP: [libjvm.so+0x7eceb0], sa_mask[0]=0x7ffbfeff, sa_flags=0x10000004
SIGINT: [libjvm.so+0x7eceb0], sa_mask[0]=0x7ffbfeff, sa_flags=0x10000004
SIGTERM: [libjvm.so+0x7eceb0], sa_mask[0]=0x7ffbfeff, sa_flags=0x10000004
SIGQUIT: [libjvm.so+0x7eceb0], sa_mask[0]=0x7ffbfeff, sa_flags=0x10000004
SIGTRAP: SIG_DFL, sa_mask[0]=0x00000000, sa_flags=0x00000000


---------------  S Y S T E M  ---------------

OS:Linux
uname:Linux 3.17.6-1-ARCH #1 SMP PREEMPT Sun Dec 7 23:43:32 UTC 2014 x86_64
libc:glibc 2.20 NPTL 2.20 
rlimit: STACK 8192k, CORE 0k, NPROC 3969, NOFILE 4096, AS infinity
load average:8.20 6.18 3.24

/proc/meminfo:
MemTotal:        1021716 kB
MemFree:           60296 kB
MemAvailable:       9408 kB
Buffers:             120 kB
Cached:             1956 kB
SwapCached:            0 kB
Active:           904968 kB
Inactive:           1376 kB
Active(anon):     904956 kB
Inactive(anon):      924 kB
Active(file):         12 kB
Inactive(file):      452 kB
Unevictable:           0 kB
Mlocked:               0 kB
SwapTotal:             0 kB
SwapFree:              0 kB
Dirty:                12 kB
Writeback:             4 kB
AnonPages:        904776 kB
Mapped:             1156 kB
Shmem:              1104 kB
Slab:              22728 kB
SReclaimable:      10384 kB
SUnreclaim:        12344 kB
KernelStack:        3536 kB
PageTables:        13480 kB
NFS_Unstable:          0 kB
Bounce:                0 kB
WritebackTmp:          0 kB
CommitLimit:      510856 kB
Committed_AS:    1180144 kB
VmallocTotal:   34359738367 kB
VmallocUsed:       19892 kB
VmallocChunk:   34359717467 kB
HardwareCorrupted:     0 kB
AnonHugePages:    512000 kB
HugePages_Total:       0
HugePages_Free:        0
HugePages_Rsvd:        0
HugePages_Surp:        0
Hugepagesize:       2048 kB
DirectMap4k:       38848 kB
DirectMap2M:     1009664 kB


CPU:total 4 (4 cores per cpu, 1 threads per core) family 6 model 70 stepping 1, cmov, cx8, fxsr, mmx, sse, sse2, sse3, ssse3, tsc

/proc/cpuinfo:
processor	: 0
vendor_id	: GenuineIntel
cpu family	: 6
model		: 70
model name	: Intel(R) Core(TM) i7-4770HQ CPU @ 2.20GHz
stepping	: 1
microcode	: 0x19
cpu MHz		: 2119.462
cache size	: 6144 KB
physical id	: 0
siblings	: 4
core id		: 0
cpu cores	: 4
apicid		: 0
initial apicid	: 0
fpu		: yes
fpu_exception	: yes
cpuid level	: 5
wp		: yes
flags		: fpu vme de pse tsc msr pae mce cx8 apic sep mtrr pge mca cmov pat pse36 clflush mmx fxsr sse sse2 ht syscall nx rdtscp lm constant_tsc rep_good nopl pni ssse3 lahf_lm
bugs		:
bogomips	: 4240.54
clflush size	: 64
cache_alignment	: 64
address sizes	: 39 bits physical, 48 bits virtual
power management:

processor	: 1
vendor_id	: GenuineIntel
cpu family	: 6
model		: 70
model name	: Intel(R) Core(TM) i7-4770HQ CPU @ 2.20GHz
stepping	: 1
microcode	: 0x19
cpu MHz		: 2119.462
cache size	: 6144 KB
physical id	: 0
siblings	: 4
core id		: 1
cpu cores	: 4
apicid		: 1
initial apicid	: 1
fpu		: yes
fpu_exception	: yes
cpuid level	: 5
wp		: yes
flags		: fpu vme de pse tsc msr pae mce cx8 apic sep mtrr pge mca cmov pat pse36 clflush mmx fxsr sse sse2 ht syscall nx rdtscp lm constant_tsc rep_good nopl pni ssse3 lahf_lm
bugs		:
bogomips	: 4240.54
clflush size	: 64
cache_alignment	: 64
address sizes	: 39 bits physical, 48 bits virtual
power management:

processor	: 2
vendor_id	: GenuineIntel
cpu family	: 6
model		: 70
model name	: Intel(R) Core(TM) i7-4770HQ CPU @ 2.20GHz
stepping	: 1
microcode	: 0x19
cpu MHz		: 2119.462
cache size	: 6144 KB
physical id	: 0
siblings	: 4
core id		: 2
cpu cores	: 4
apicid		: 2
initial apicid	: 2
fpu		: yes
fpu_exception	: yes
cpuid level	: 5
wp		: yes
flags		: fpu vme de pse tsc msr pae mce cx8 apic sep mtrr pge mca cmov pat pse36 clflush mmx fxsr sse sse2 ht syscall nx rdtscp lm constant_tsc rep_good nopl pni ssse3 lahf_lm
bugs		:
bogomips	: 4240.54
clflush size	: 64
cache_alignment	: 64
address sizes	: 39 bits physical, 48 bits virtual
power management:

processor	: 3
vendor_id	: GenuineIntel
cpu family	: 6
model		: 70
model name	: Intel(R) Core(TM) i7-4770HQ CPU @ 2.20GHz
stepping	: 1
microcode	: 0x19
cpu MHz		: 2119.462
cache size	: 6144 KB
physical id	: 0
siblings	: 4
core id		: 3
cpu cores	: 4
apicid		: 3
initial apicid	: 3
fpu		: yes
fpu_exception	: yes
cpuid level	: 5
wp		: yes
flags		: fpu vme de pse tsc msr pae mce cx8 apic sep mtrr pge mca cmov pat pse36 clflush mmx fxsr sse sse2 ht syscall nx rdtscp lm constant_tsc rep_good nopl pni ssse3 lahf_lm
bugs		:
bogomips	: 4240.54
clflush size	: 64
cache_alignment	: 64
address sizes	: 39 bits physical, 48 bits virtual
power management:



Memory: 4k page, physical 1021716k(60260k free), swap 0k(0k free)

vm_info: OpenJDK 64-Bit Server VM (24.75-b04) for linux-amd64 JRE (1.7.0_75-b13), built on Jan 23 2015 11:04:40 by "builduser" with gcc 4.9.2 20141224 (prerelease)

time: Thu Apr  9 13:23:07 2015
elapsed time: 720 seconds

