#
# There is insufficient memory for the Java Runtime Environment to continue.
# Native memory allocation (malloc) failed to allocate 21757952 bytes for committing reserved memory.
# Possible reasons:
#   The system is out of physical RAM or swap space
#   In 32 bit mode, the process size limit was hit
# Possible solutions:
#   Reduce memory load on the system
#   Increase physical memory or swap space
#   Check if swap backing store is full
#   Use 64 bit Java on a 64 bit OS
#   Decrease Java heap size (-Xmx/-Xms)
#   Decrease number of Java threads
#   Decrease Java thread stack sizes (-Xss)
#   Set larger code cache with -XX:ReservedCodeCacheSize=
# This output file may be truncated or incomplete.
#
#  Out of Memory Error (os_linux.cpp:2798), pid=1466, tid=139808009615104
#
# JRE version:  (7.0_75-b13) (build )
# Java VM: OpenJDK 64-Bit Server VM (24.75-b04 mixed mode linux-amd64 compressed oops)
# Derivative: IcedTea 2.5.4
# Distribution: Custom build (Fri Jan 23 11:00:44 UTC 2015)
# Failed to write core dump. Core dumps have been disabled. To enable core dumping, try "ulimit -c unlimited" before starting Java again
#

---------------  T H R E A D  ---------------

Current thread (0x00007f2790009000):  JavaThread "Unknown thread" [_thread_in_vm, id=1467, stack(0x00007f2796aff000,0x00007f2796c00000)]

Stack: [0x00007f2796aff000,0x00007f2796c00000],  sp=0x00007f2796bfe180,  free space=1020k
Native frames: (J=compiled Java code, j=interpreted, Vv=VM code, C=native code)
V  [libjvm.so+0x97dfb6]
V  [libjvm.so+0x48e252]
V  [libjvm.so+0x7f188b]
V  [libjvm.so+0x7ebffe]
V  [libjvm.so+0x97ae54]
V  [libjvm.so+0x572a42]
V  [libjvm.so+0x42f3ac]
V  [libjvm.so+0x837cf9]
V  [libjvm.so+0x573c01]
V  [libjvm.so+0x56268a]
V  [libjvm.so+0x9479a7]
V  [libjvm.so+0x947cf6]
V  [libjvm.so+0x5ade7f]
V  [libjvm.so+0x92954f]
V  [libjvm.so+0x61ca00]  JNI_CreateJavaVM+0x60
C  [libjli.so+0x29bf]


---------------  P R O C E S S  ---------------

Java Threads: ( => current thread )

Other Threads:

=>0x00007f2790009000 (exited) JavaThread "Unknown thread" [_thread_in_vm, id=1467, stack(0x00007f2796aff000,0x00007f2796c00000)]

VM state:not at safepoint (not fully initialized)

VM Mutex/Monitor currently owned by a thread: None

GC Heap History (0 events):
No events

Deoptimization events (0 events):
No events

Internal exceptions (0 events):
No events

Events (0 events):
No events


Dynamic libraries:
00400000-00401000 r-xp 00000000 08:01 270478                             /usr/lib/jvm/java-7-openjdk/jre/bin/java
00600000-00601000 rw-p 00000000 08:01 270478                             /usr/lib/jvm/java-7-openjdk/jre/bin/java
024dc000-024fd000 rw-p 00000000 00:00 0                                  [heap]
d6600000-d6b30000 rw-p 00000000 00:00 0 
d6b30000-e0ca0000 rw-p 00000000 00:00 0 
e0ca0000-e1710000 rw-p 00000000 00:00 0 
e1710000-f5a00000 rw-p 00000000 00:00 0 
f6ec0000-100000000 rw-p 00000000 00:00 0 
7f2789a6b000-7f2789a75000 rw-p 00000000 00:00 0 
7f2789a75000-7f2789beb000 rw-p 00000000 00:00 0 
7f2789beb000-7f2789e5b000 rwxp 00000000 00:00 0 
7f2789e5b000-7f278fbeb000 rw-p 00000000 00:00 0 
7f278fbeb000-7f278fbf3000 r-xp 00000000 08:01 270445                     /usr/lib/jvm/java-7-openjdk/jre/lib/amd64/libzip.so
7f278fbf3000-7f278fdf2000 ---p 00008000 08:01 270445                     /usr/lib/jvm/java-7-openjdk/jre/lib/amd64/libzip.so
7f278fdf2000-7f278fdf3000 rw-p 00007000 08:01 270445                     /usr/lib/jvm/java-7-openjdk/jre/lib/amd64/libzip.so
7f278fdf3000-7f278fdfe000 r-xp 00000000 08:01 132704                     /usr/lib/libnss_files-2.20.so
7f278fdfe000-7f278fffe000 ---p 0000b000 08:01 132704                     /usr/lib/libnss_files-2.20.so
7f278fffe000-7f278ffff000 r--p 0000b000 08:01 132704                     /usr/lib/libnss_files-2.20.so
7f278ffff000-7f2790000000 rw-p 0000c000 08:01 132704                     /usr/lib/libnss_files-2.20.so
7f2790000000-7f2790024000 rw-p 00000000 00:00 0 
7f2790024000-7f2794000000 ---p 00000000 00:00 0 
7f279401a000-7f279401d000 rw-p 00000000 00:00 0 
7f279401d000-7f279406d000 rw-p 00000000 00:00 0 
7f279406d000-7f2794073000 rw-p 00000000 00:00 0 
7f2794073000-7f2794167000 rw-p 00000000 00:00 0 
7f2794167000-7f2794168000 rw-p 00000000 00:00 0 
7f2794168000-7f2794194000 r-xp 00000000 08:01 270444                     /usr/lib/jvm/java-7-openjdk/jre/lib/amd64/libjava.so
7f2794194000-7f2794393000 ---p 0002c000 08:01 270444                     /usr/lib/jvm/java-7-openjdk/jre/lib/amd64/libjava.so
7f2794393000-7f2794395000 rw-p 0002b000 08:01 270444                     /usr/lib/jvm/java-7-openjdk/jre/lib/amd64/libjava.so
7f2794395000-7f27943a2000 r-xp 00000000 08:01 270443                     /usr/lib/jvm/java-7-openjdk/jre/lib/amd64/libverify.so
7f27943a2000-7f27945a1000 ---p 0000d000 08:01 270443                     /usr/lib/jvm/java-7-openjdk/jre/lib/amd64/libverify.so
7f27945a1000-7f27945a3000 rw-p 0000c000 08:01 270443                     /usr/lib/jvm/java-7-openjdk/jre/lib/amd64/libverify.so
7f27945a3000-7f27945aa000 r-xp 00000000 08:01 132760                     /usr/lib/librt-2.20.so
7f27945aa000-7f27947a9000 ---p 00007000 08:01 132760                     /usr/lib/librt-2.20.so
7f27947a9000-7f27947aa000 r--p 00006000 08:01 132760                     /usr/lib/librt-2.20.so
7f27947aa000-7f27947ab000 rw-p 00007000 08:01 132760                     /usr/lib/librt-2.20.so
7f27947ab000-7f27947c1000 r-xp 00000000 08:01 135609                     /usr/lib/libgcc_s.so.1
7f27947c1000-7f27949c0000 ---p 00016000 08:01 135609                     /usr/lib/libgcc_s.so.1
7f27949c0000-7f27949c1000 rw-p 00015000 08:01 135609                     /usr/lib/libgcc_s.so.1
7f27949c1000-7f2794ac4000 r-xp 00000000 08:01 132746                     /usr/lib/libm-2.20.so
7f2794ac4000-7f2794cc4000 ---p 00103000 08:01 132746                     /usr/lib/libm-2.20.so
7f2794cc4000-7f2794cc5000 r--p 00103000 08:01 132746                     /usr/lib/libm-2.20.so
7f2794cc5000-7f2794cc6000 rw-p 00104000 08:01 132746                     /usr/lib/libm-2.20.so
7f2794cc6000-7f2794db6000 r-xp 00000000 08:01 135613                     /usr/lib/libstdc++.so.6.0.20
7f2794db6000-7f2794fb6000 ---p 000f0000 08:01 135613                     /usr/lib/libstdc++.so.6.0.20
7f2794fb6000-7f2794fbe000 r--p 000f0000 08:01 135613                     /usr/lib/libstdc++.so.6.0.20
7f2794fbe000-7f2794fc0000 rw-p 000f8000 08:01 135613                     /usr/lib/libstdc++.so.6.0.20
7f2794fc0000-7f2794fd5000 rw-p 00000000 00:00 0 
7f2794fd5000-7f2795b1f000 r-xp 00000000 08:01 270477                     /usr/lib/jvm/java-7-openjdk/jre/lib/amd64/server/libjvm.so
7f2795b1f000-7f2795d1f000 ---p 00b4a000 08:01 270477                     /usr/lib/jvm/java-7-openjdk/jre/lib/amd64/server/libjvm.so
7f2795d1f000-7f2795de1000 rw-p 00b4a000 08:01 270477                     /usr/lib/jvm/java-7-openjdk/jre/lib/amd64/server/libjvm.so
7f2795de1000-7f2795e0d000 rw-p 00000000 00:00 0 
7f2795e0d000-7f2795e22000 r-xp 00000000 08:01 135653                     /usr/lib/libz.so.1.2.8
7f2795e22000-7f2796021000 ---p 00015000 08:01 135653                     /usr/lib/libz.so.1.2.8
7f2796021000-7f2796022000 r--p 00014000 08:01 135653                     /usr/lib/libz.so.1.2.8
7f2796022000-7f2796023000 rw-p 00015000 08:01 135653                     /usr/lib/libz.so.1.2.8
7f2796023000-7f27961bc000 r-xp 00000000 08:01 132747                     /usr/lib/libc-2.20.so
7f27961bc000-7f27963bc000 ---p 00199000 08:01 132747                     /usr/lib/libc-2.20.so
7f27963bc000-7f27963c0000 r--p 00199000 08:01 132747                     /usr/lib/libc-2.20.so
7f27963c0000-7f27963c2000 rw-p 0019d000 08:01 132747                     /usr/lib/libc-2.20.so
7f27963c2000-7f27963c6000 rw-p 00000000 00:00 0 
7f27963c6000-7f27963c9000 r-xp 00000000 08:01 132699                     /usr/lib/libdl-2.20.so
7f27963c9000-7f27965c8000 ---p 00003000 08:01 132699                     /usr/lib/libdl-2.20.so
7f27965c8000-7f27965c9000 r--p 00002000 08:01 132699                     /usr/lib/libdl-2.20.so
7f27965c9000-7f27965ca000 rw-p 00003000 08:01 132699                     /usr/lib/libdl-2.20.so
7f27965ca000-7f27965d7000 r-xp 00000000 08:01 270473                     /usr/lib/jvm/java-7-openjdk/jre/lib/amd64/jli/libjli.so
7f27965d7000-7f27967d6000 ---p 0000d000 08:01 270473                     /usr/lib/jvm/java-7-openjdk/jre/lib/amd64/jli/libjli.so
7f27967d6000-7f27967d7000 rw-p 0000c000 08:01 270473                     /usr/lib/jvm/java-7-openjdk/jre/lib/amd64/jli/libjli.so
7f27967d7000-7f27967ee000 r-xp 00000000 08:01 132714                     /usr/lib/libpthread-2.20.so
7f27967ee000-7f27969ed000 ---p 00017000 08:01 132714                     /usr/lib/libpthread-2.20.so
7f27969ed000-7f27969ee000 r--p 00016000 08:01 132714                     /usr/lib/libpthread-2.20.so
7f27969ee000-7f27969ef000 rw-p 00017000 08:01 132714                     /usr/lib/libpthread-2.20.so
7f27969ef000-7f27969f3000 rw-p 00000000 00:00 0 
7f27969f3000-7f2796a15000 r-xp 00000000 08:01 132706                     /usr/lib/ld-2.20.so
7f2796a58000-7f2796a5e000 rw-p 00000000 00:00 0 
7f2796a5e000-7f2796aff000 rw-p 00000000 00:00 0 
7f2796aff000-7f2796b02000 ---p 00000000 00:00 0 
7f2796b02000-7f2796c04000 rw-p 00000000 00:00 0                          [stack:1467]
7f2796c07000-7f2796c09000 rw-p 00000000 00:00 0 
7f2796c09000-7f2796c11000 rw-s 00000000 00:1d 16519                      /tmp/hsperfdata_vagrant/1466
7f2796c11000-7f2796c12000 rw-p 00000000 00:00 0 
7f2796c12000-7f2796c13000 r--p 00000000 00:00 0 
7f2796c13000-7f2796c14000 rw-p 00000000 00:00 0 
7f2796c14000-7f2796c15000 r--p 00021000 08:01 132706                     /usr/lib/ld-2.20.so
7f2796c15000-7f2796c16000 rw-p 00022000 08:01 132706                     /usr/lib/ld-2.20.so
7f2796c16000-7f2796c17000 rw-p 00000000 00:00 0 
7fff73620000-7fff73641000 rw-p 00000000 00:00 0                          [stack]
7fff737fc000-7fff737fe000 r--p 00000000 00:00 0                          [vvar]
7fff737fe000-7fff73800000 r-xp 00000000 00:00 0                          [vdso]
ffffffffff600000-ffffffffff601000 r-xp 00000000 00:00 0                  [vsyscall]

VM Arguments:
jvm_args: -Xbootclasspath/a:/home/vagrant/.lein/self-installs/leiningen-2.5.1-standalone.jar -Dfile.encoding=UTF-8 -Dmaven.wagon.http.ssl.easy=false -Dmaven.wagon.rto=10000 -XX:+TieredCompilation -XX:TieredStopAtLevel=1 -Dleiningen.original.pwd=/home/vagrant/cs331/bst -Dleiningen.script=/home/vagrant/bin/lein 
java_command: clojure.main -m leiningen.core.main repl :headless
Launcher Type: SUN_STANDARD

Environment Variables:
CLASSPATH=/home/vagrant/.lein/self-installs/leiningen-2.5.1-standalone.jar
PATH=/home/vagrant/bin:/usr/local/sbin:/usr/local/bin:/usr/bin:/usr/lib/jvm/default/bin:/usr/bin/site_perl:/usr/bin/vendor_perl:/usr/bin/core_perl
SHELL=/bin/bash

Signal Handlers:
SIGSEGV: [libjvm.so+0x97eaa0], sa_mask[0]=0x7ffbfeff, sa_flags=0x10000004
SIGBUS: [libjvm.so+0x97eaa0], sa_mask[0]=0x7ffbfeff, sa_flags=0x10000004
SIGFPE: [libjvm.so+0x7ece30], sa_mask[0]=0x7ffbfeff, sa_flags=0x10000004
SIGPIPE: [libjvm.so+0x7ece30], sa_mask[0]=0x7ffbfeff, sa_flags=0x10000004
SIGXFSZ: [libjvm.so+0x7ece30], sa_mask[0]=0x7ffbfeff, sa_flags=0x10000004
SIGILL: [libjvm.so+0x7ece30], sa_mask[0]=0x7ffbfeff, sa_flags=0x10000004
SIGUSR1: SIG_DFL, sa_mask[0]=0x00000000, sa_flags=0x00000000
SIGUSR2: [libjvm.so+0x7eccb0], sa_mask[0]=0x00000000, sa_flags=0x10000004
SIGHUP: SIG_DFL, sa_mask[0]=0x00000000, sa_flags=0x00000000
SIGINT: SIG_DFL, sa_mask[0]=0x00000000, sa_flags=0x00000000
SIGTERM: SIG_DFL, sa_mask[0]=0x00000000, sa_flags=0x00000000
SIGQUIT: SIG_DFL, sa_mask[0]=0x00000000, sa_flags=0x00000000
SIGTRAP: SIG_DFL, sa_mask[0]=0x00000000, sa_flags=0x00000000


---------------  S Y S T E M  ---------------

OS:Linux
uname:Linux 3.17.6-1-ARCH #1 SMP PREEMPT Sun Dec 7 23:43:32 UTC 2014 x86_64
libc:glibc 2.20 NPTL 2.20 
rlimit: STACK 8515k, CORE 0k, NPROC 3969, NOFILE 4096, AS infinity
load average:0.01 0.02 0.05

/proc/meminfo:
MemTotal:        1021716 kB
MemFree:           68200 kB
MemAvailable:      25856 kB
Buffers:            2280 kB
Cached:            16828 kB
SwapCached:            0 kB
Active:           893184 kB
Inactive:          10796 kB
Active(anon):     885492 kB
Inactive(anon):      924 kB
Active(file):       7692 kB
Inactive(file):     9872 kB
Unevictable:           0 kB
Mlocked:               0 kB
SwapTotal:             0 kB
SwapFree:              0 kB
Dirty:                 8 kB
Writeback:             0 kB
AnonPages:        885300 kB
Mapped:            14120 kB
Shmem:              1108 kB
Slab:              21528 kB
SReclaimable:      10368 kB
SUnreclaim:        11160 kB
KernelStack:        3312 kB
PageTables:         9044 kB
NFS_Unstable:          0 kB
Bounce:                0 kB
WritebackTmp:          0 kB
CommitLimit:      510856 kB
Committed_AS:    1064944 kB
VmallocTotal:   34359738367 kB
VmallocUsed:       19956 kB
VmallocChunk:   34359717467 kB
HardwareCorrupted:     0 kB
AnonHugePages:    677888 kB
HugePages_Total:       0
HugePages_Free:        0
HugePages_Rsvd:        0
HugePages_Surp:        0
Hugepagesize:       2048 kB
DirectMap4k:       38848 kB
DirectMap2M:     1009664 kB


CPU:total 4 (4 cores per cpu, 1 threads per core) family 6 model 70 stepping 1, cmov, cx8, fxsr, mmx, sse, sse2, sse3, ssse3, tsc

/proc/cpuinfo:
processor	: 0
vendor_id	: GenuineIntel
cpu family	: 6
model		: 70
model name	: Intel(R) Core(TM) i7-4770HQ CPU @ 2.20GHz
stepping	: 1
microcode	: 0x19
cpu MHz		: 2119.462
cache size	: 6144 KB
physical id	: 0
siblings	: 4
core id		: 0
cpu cores	: 4
apicid		: 0
initial apicid	: 0
fpu		: yes
fpu_exception	: yes
cpuid level	: 5
wp		: yes
flags		: fpu vme de pse tsc msr pae mce cx8 apic sep mtrr pge mca cmov pat pse36 clflush mmx fxsr sse sse2 ht syscall nx rdtscp lm constant_tsc rep_good nopl pni ssse3 lahf_lm
bugs		:
bogomips	: 4240.54
clflush size	: 64
cache_alignment	: 64
address sizes	: 39 bits physical, 48 bits virtual
power management:

processor	: 1
vendor_id	: GenuineIntel
cpu family	: 6
model		: 70
model name	: Intel(R) Core(TM) i7-4770HQ CPU @ 2.20GHz
stepping	: 1
microcode	: 0x19
cpu MHz		: 2119.462
cache size	: 6144 KB
physical id	: 0
siblings	: 4
core id		: 1
cpu cores	: 4
apicid		: 1
initial apicid	: 1
fpu		: yes
fpu_exception	: yes
cpuid level	: 5
wp		: yes
flags		: fpu vme de pse tsc msr pae mce cx8 apic sep mtrr pge mca cmov pat pse36 clflush mmx fxsr sse sse2 ht syscall nx rdtscp lm constant_tsc rep_good nopl pni ssse3 lahf_lm
bugs		:
bogomips	: 4240.54
clflush size	: 64
cache_alignment	: 64
address sizes	: 39 bits physical, 48 bits virtual
power management:

processor	: 2
vendor_id	: GenuineIntel
cpu family	: 6
model		: 70
model name	: Intel(R) Core(TM) i7-4770HQ CPU @ 2.20GHz
stepping	: 1
microcode	: 0x19
cpu MHz		: 2119.462
cache size	: 6144 KB
physical id	: 0
siblings	: 4
core id		: 2
cpu cores	: 4
apicid		: 2
initial apicid	: 2
fpu		: yes
fpu_exception	: yes
cpuid level	: 5
wp		: yes
flags		: fpu vme de pse tsc msr pae mce cx8 apic sep mtrr pge mca cmov pat pse36 clflush mmx fxsr sse sse2 ht syscall nx rdtscp lm constant_tsc rep_good nopl pni ssse3 lahf_lm
bugs		:
bogomips	: 4240.54
clflush size	: 64
cache_alignment	: 64
address sizes	: 39 bits physical, 48 bits virtual
power management:

processor	: 3
vendor_id	: GenuineIntel
cpu family	: 6
model		: 70
model name	: Intel(R) Core(TM) i7-4770HQ CPU @ 2.20GHz
stepping	: 1
microcode	: 0x19
cpu MHz		: 2119.462
cache size	: 6144 KB
physical id	: 0
siblings	: 4
core id		: 3
cpu cores	: 4
apicid		: 3
initial apicid	: 3
fpu		: yes
fpu_exception	: yes
cpuid level	: 5
wp		: yes
flags		: fpu vme de pse tsc msr pae mce cx8 apic sep mtrr pge mca cmov pat pse36 clflush mmx fxsr sse sse2 ht syscall nx rdtscp lm constant_tsc rep_good nopl pni ssse3 lahf_lm
bugs		:
bogomips	: 4240.54
clflush size	: 64
cache_alignment	: 64
address sizes	: 39 bits physical, 48 bits virtual
power management:



Memory: 4k page, physical 1021716k(68200k free), swap 0k(0k free)

vm_info: OpenJDK 64-Bit Server VM (24.75-b04) for linux-amd64 JRE (1.7.0_75-b13), built on Jan 23 2015 11:04:40 by "builduser" with gcc 4.9.2 20141224 (prerelease)

time: Thu Apr  9 11:38:55 2015
elapsed time: 0 seconds

